<?xml version="1.0" encoding="UTF-8"?>
<TestRun id="78d16362-7bda-4534-b680-62bf2d4c4d5a" name="Jari Huilla@SYSTEEMILUOKKA 2022-12-03 11:20:45" runUser="SYSTEEMILUOKKA\Jari Huilla" xmlns="http://microsoft.com/schemas/VisualStudio/TeamTest/2010">
  <TestSettings name="Default Test Settings" id="f5d2f192-e402-4c91-b5ac-642f81cc16be">
    <Deployment runDeploymentRoot="Jari Huilla_SYSTEEMILUOKKA 2022-12-03 11_20_45">
      <DeploymentItem filename="C:\Documents and Settings\Jari Huilla\My Documents\MppOpcUaClientLib_dll (1)\MppOpcUaClientLib_dll\Tuni.MppOpcUaClientLib.dll" />
      <DeploymentItem filename="C:\Documents and Settings\Jari Huilla\My Documents\MppOpcUaClientLib_dll (1)\MppOpcUaClientLib_dll\UnifiedAutomation.UaBase.dll" />
      <DeploymentItem filename="C:\Documents and Settings\Jari Huilla\My Documents\MppOpcUaClientLib_dll (1)\MppOpcUaClientLib_dll\UnifiedAutomation.UaClient.dll" />
      <DeploymentItem filename="C:\Documents and Settings\Jari Huilla\My Documents\exercise\gui-app\gui-app\bin\Debug\gui-app.exe" />
    </Deployment>
    <Execution>
      <TestTypeSpecific />
      <AgentRule name="Execution Agents">
      </AgentRule>
    </Execution>
  </TestSettings>
  <Times creation="2022-12-03T11:20:45.5191116+02:00" queuing="2022-12-03T11:20:47.1128412+02:00" start="2022-12-03T11:20:47.3159636+02:00" finish="2022-12-03T11:21:32.0186486+02:00" />
  <ResultSummary outcome="Failed">
    <Counters total="12" executed="12" passed="8" error="0" failed="4" timeout="0" aborted="0" inconclusive="0" passedButRunAborted="0" notRunnable="0" notExecuted="0" disconnected="0" warning="0" completed="0" inProgress="0" pending="0" />
  </ResultSummary>
  <TestDefinitions>
    <UnitTest name="change_TI300_valueTest" storage="c:\documents and settings\jari huilla\my documents\exercise\gui-app\unit_tests\unit_tests\bin\debug\unit_tests.dll" id="bcfe03aa-534e-66e1-a154-61c7d45a33a1">
      <Execution id="ecf7dc1d-a050-4da9-8ebe-7a1e3b21c53f" />
      <TestMethod codeBase="C:/Documents and Settings/Jari Huilla/My Documents/exercise/gui-app/unit_tests/unit_tests/bin/Debug/unit_tests.DLL" adapterTypeName="Microsoft.VisualStudio.TestTools.TestTypes.Unit.UnitTestAdapter, Microsoft.VisualStudio.QualityTools.Tips.UnitTest.Adapter, Version=10.0.0.0, Culture=neutral, PublicKeyToken=b03f5f7f11d50a3a" className="unit_tests.MainWindowTest, unit_tests, Version=1.0.0.0, Culture=neutral, PublicKeyToken=null" name="change_TI300_valueTest" />
    </UnitTest>
    <UnitTest name="invoke_PI300_valueTest" storage="c:\documents and settings\jari huilla\my documents\exercise\gui-app\unit_tests\unit_tests\bin\debug\unit_tests.dll" id="6e6240ad-a02a-790d-e057-4cdba598a56d">
      <Execution id="77ce21fe-8f44-410d-944e-dceda650fcb9" />
      <TestMethod codeBase="C:/Documents and Settings/Jari Huilla/My Documents/exercise/gui-app/unit_tests/unit_tests/bin/Debug/unit_tests.DLL" adapterTypeName="Microsoft.VisualStudio.TestTools.TestTypes.Unit.UnitTestAdapter, Microsoft.VisualStudio.QualityTools.Tips.UnitTest.Adapter, Version=10.0.0.0, Culture=neutral, PublicKeyToken=b03f5f7f11d50a3a" className="unit_tests.MainWindowTest, unit_tests, Version=1.0.0.0, Culture=neutral, PublicKeyToken=null" name="invoke_PI300_valueTest" />
    </UnitTest>
    <UnitTest name="update_pump_valueTest" storage="c:\documents and settings\jari huilla\my documents\exercise\gui-app\unit_tests\unit_tests\bin\debug\unit_tests.dll" id="79603908-6c58-f867-d926-813208ddb12d">
      <DeploymentItems>
        <DeploymentItem filename="gui-app.exe" />
      </DeploymentItems>
      <Execution id="eb945ce6-fb36-411e-8c40-8dc07f679b71" />
      <TestMethod codeBase="C:/Documents and Settings/Jari Huilla/My Documents/exercise/gui-app/unit_tests/unit_tests/bin/Debug/unit_tests.DLL" adapterTypeName="Microsoft.VisualStudio.TestTools.TestTypes.Unit.UnitTestAdapter, Microsoft.VisualStudio.QualityTools.Tips.UnitTest.Adapter, Version=10.0.0.0, Culture=neutral, PublicKeyToken=b03f5f7f11d50a3a" className="unit_tests.MainWindowTest, unit_tests, Version=1.0.0.0, Culture=neutral, PublicKeyToken=null" name="update_pump_valueTest" />
    </UnitTest>
    <UnitTest name="change_sequence_statusTest" storage="c:\documents and settings\jari huilla\my documents\exercise\gui-app\unit_tests\unit_tests\bin\debug\unit_tests.dll" id="3bd0d5a0-e9de-ce8f-b3c1-a6babb01f328">
      <DeploymentItems>
        <DeploymentItem filename="gui-app.exe" />
      </DeploymentItems>
      <Execution id="4e8d79d4-90f7-49fa-b123-c29ffe367713" />
      <TestMethod codeBase="C:/Documents and Settings/Jari Huilla/My Documents/exercise/gui-app/unit_tests/unit_tests/bin/Debug/unit_tests.DLL" adapterTypeName="Microsoft.VisualStudio.TestTools.TestTypes.Unit.UnitTestAdapter, Microsoft.VisualStudio.QualityTools.Tips.UnitTest.Adapter, Version=10.0.0.0, Culture=neutral, PublicKeyToken=b03f5f7f11d50a3a" className="unit_tests.MainWindowTest, unit_tests, Version=1.0.0.0, Culture=neutral, PublicKeyToken=null" name="change_sequence_statusTest" />
    </UnitTest>
    <UnitTest name="update_LS300m_statusTest" storage="c:\documents and settings\jari huilla\my documents\exercise\gui-app\unit_tests\unit_tests\bin\debug\unit_tests.dll" id="6e367d9c-9993-1d41-1249-e61835bc3870">
      <DeploymentItems>
        <DeploymentItem filename="gui-app.exe" />
      </DeploymentItems>
      <Execution id="bab63b34-33ce-4586-969c-80cc52dd6b8d" />
      <TestMethod codeBase="C:/Documents and Settings/Jari Huilla/My Documents/exercise/gui-app/unit_tests/unit_tests/bin/Debug/unit_tests.DLL" adapterTypeName="Microsoft.VisualStudio.TestTools.TestTypes.Unit.UnitTestAdapter, Microsoft.VisualStudio.QualityTools.Tips.UnitTest.Adapter, Version=10.0.0.0, Culture=neutral, PublicKeyToken=b03f5f7f11d50a3a" className="unit_tests.MainWindowTest, unit_tests, Version=1.0.0.0, Culture=neutral, PublicKeyToken=null" name="update_LS300m_statusTest" />
    </UnitTest>
    <UnitTest name="invoke_E100_valueTest" storage="c:\documents and settings\jari huilla\my documents\exercise\gui-app\unit_tests\unit_tests\bin\debug\unit_tests.dll" id="7b0b0322-03c5-bfa5-6884-8a7285deb251">
      <Execution id="255b4b66-37c3-4cf9-9fae-e6243514886a" />
      <TestMethod codeBase="C:/Documents and Settings/Jari Huilla/My Documents/exercise/gui-app/unit_tests/unit_tests/bin/Debug/unit_tests.DLL" adapterTypeName="Microsoft.VisualStudio.TestTools.TestTypes.Unit.UnitTestAdapter, Microsoft.VisualStudio.QualityTools.Tips.UnitTest.Adapter, Version=10.0.0.0, Culture=neutral, PublicKeyToken=b03f5f7f11d50a3a" className="unit_tests.MainWindowTest, unit_tests, Version=1.0.0.0, Culture=neutral, PublicKeyToken=null" name="invoke_E100_valueTest" />
    </UnitTest>
    <UnitTest name="toggle_valveTest" storage="c:\documents and settings\jari huilla\my documents\exercise\gui-app\unit_tests\unit_tests\bin\debug\unit_tests.dll" id="7dc9c9a3-ee2a-f9ea-cec2-1a8e8a2ba7ec">
      <DeploymentItems>
        <DeploymentItem filename="gui-app.exe" />
      </DeploymentItems>
      <Execution id="0060d178-e63b-4742-b3b4-91aaf1f6e64c" />
      <TestMethod codeBase="C:/Documents and Settings/Jari Huilla/My Documents/exercise/gui-app/unit_tests/unit_tests/bin/Debug/unit_tests.DLL" adapterTypeName="Microsoft.VisualStudio.TestTools.TestTypes.Unit.UnitTestAdapter, Microsoft.VisualStudio.QualityTools.Tips.UnitTest.Adapter, Version=10.0.0.0, Culture=neutral, PublicKeyToken=b03f5f7f11d50a3a" className="unit_tests.MainWindowTest, unit_tests, Version=1.0.0.0, Culture=neutral, PublicKeyToken=null" name="toggle_valveTest" />
    </UnitTest>
    <UnitTest name="update_pb_StatusTest" storage="c:\documents and settings\jari huilla\my documents\exercise\gui-app\unit_tests\unit_tests\bin\debug\unit_tests.dll" id="8ac0dc75-b417-f8db-9da9-ddf97bd434a3">
      <DeploymentItems>
        <DeploymentItem filename="gui-app.exe" />
      </DeploymentItems>
      <Execution id="b24b0d9d-739d-4aaa-9c4a-76e126cc3f7c" />
      <TestMethod codeBase="C:/Documents and Settings/Jari Huilla/My Documents/exercise/gui-app/unit_tests/unit_tests/bin/Debug/unit_tests.DLL" adapterTypeName="Microsoft.VisualStudio.TestTools.TestTypes.Unit.UnitTestAdapter, Microsoft.VisualStudio.QualityTools.Tips.UnitTest.Adapter, Version=10.0.0.0, Culture=neutral, PublicKeyToken=b03f5f7f11d50a3a" className="unit_tests.MainWindowTest, unit_tests, Version=1.0.0.0, Culture=neutral, PublicKeyToken=null" name="update_pb_StatusTest" />
    </UnitTest>
    <UnitTest name="change_E100_valueTest" storage="c:\documents and settings\jari huilla\my documents\exercise\gui-app\unit_tests\unit_tests\bin\debug\unit_tests.dll" id="b53aebfb-dd1b-29c6-5b46-5924eb5bd43c">
      <DeploymentItems>
        <DeploymentItem filename="gui-app.exe" />
      </DeploymentItems>
      <Execution id="89125508-5528-4b3e-8cdc-54121c21d499" />
      <TestMethod codeBase="C:/Documents and Settings/Jari Huilla/My Documents/exercise/gui-app/unit_tests/unit_tests/bin/Debug/unit_tests.DLL" adapterTypeName="Microsoft.VisualStudio.TestTools.TestTypes.Unit.UnitTestAdapter, Microsoft.VisualStudio.QualityTools.Tips.UnitTest.Adapter, Version=10.0.0.0, Culture=neutral, PublicKeyToken=b03f5f7f11d50a3a" className="unit_tests.MainWindowTest, unit_tests, Version=1.0.0.0, Culture=neutral, PublicKeyToken=null" name="change_E100_valueTest" />
    </UnitTest>
    <UnitTest name="connection_onlineTest" storage="c:\documents and settings\jari huilla\my documents\exercise\gui-app\unit_tests\unit_tests\bin\debug\unit_tests.dll" id="f4718b36-646b-2b11-f5c9-9a9c0bf1492a">
      <Execution id="4fdbed76-c274-4055-b106-e965a461a182" />
      <TestMethod codeBase="C:/Documents and Settings/Jari Huilla/My Documents/exercise/gui-app/unit_tests/unit_tests/bin/Debug/unit_tests.DLL" adapterTypeName="Microsoft.VisualStudio.TestTools.TestTypes.Unit.UnitTestAdapter, Microsoft.VisualStudio.QualityTools.Tips.UnitTest.Adapter, Version=10.0.0.0, Culture=neutral, PublicKeyToken=b03f5f7f11d50a3a" className="unit_tests.MainWindowTest, unit_tests, Version=1.0.0.0, Culture=neutral, PublicKeyToken=null" name="connection_onlineTest" />
    </UnitTest>
    <UnitTest name="invoke_valve_controlTest" storage="c:\documents and settings\jari huilla\my documents\exercise\gui-app\unit_tests\unit_tests\bin\debug\unit_tests.dll" id="9036e272-344d-da4d-c06e-c135863cfbb2">
      <Execution id="0c7be3b0-43e9-4b02-8b74-65bf5d77dcfc" />
      <TestMethod codeBase="C:/Documents and Settings/Jari Huilla/My Documents/exercise/gui-app/unit_tests/unit_tests/bin/Debug/unit_tests.DLL" adapterTypeName="Microsoft.VisualStudio.TestTools.TestTypes.Unit.UnitTestAdapter, Microsoft.VisualStudio.QualityTools.Tips.UnitTest.Adapter, Version=10.0.0.0, Culture=neutral, PublicKeyToken=b03f5f7f11d50a3a" className="unit_tests.MainWindowTest, unit_tests, Version=1.0.0.0, Culture=neutral, PublicKeyToken=null" name="invoke_valve_controlTest" />
    </UnitTest>
    <UnitTest name="connection_offlineTest" storage="c:\documents and settings\jari huilla\my documents\exercise\gui-app\unit_tests\unit_tests\bin\debug\unit_tests.dll" id="b0805486-7606-6eff-4d14-e06f479655d8">
      <Execution id="805df80d-735d-493d-b3e4-525e3f3bb59c" />
      <TestMethod codeBase="C:/Documents and Settings/Jari Huilla/My Documents/exercise/gui-app/unit_tests/unit_tests/bin/Debug/unit_tests.DLL" adapterTypeName="Microsoft.VisualStudio.TestTools.TestTypes.Unit.UnitTestAdapter, Microsoft.VisualStudio.QualityTools.Tips.UnitTest.Adapter, Version=10.0.0.0, Culture=neutral, PublicKeyToken=b03f5f7f11d50a3a" className="unit_tests.MainWindowTest, unit_tests, Version=1.0.0.0, Culture=neutral, PublicKeyToken=null" name="connection_offlineTest" />
    </UnitTest>
  </TestDefinitions>
  <TestLists>
    <TestList name="Results Not in a List" id="8c84fa94-04c1-424b-9868-57a2d4851a1d" />
    <TestList name="All Loaded Results" id="19431567-8539-422a-85d7-44ee4e166bda" />
  </TestLists>
  <TestEntries>
    <TestEntry testId="3bd0d5a0-e9de-ce8f-b3c1-a6babb01f328" executionId="4e8d79d4-90f7-49fa-b123-c29ffe367713" testListId="8c84fa94-04c1-424b-9868-57a2d4851a1d" />
    <TestEntry testId="6e367d9c-9993-1d41-1249-e61835bc3870" executionId="bab63b34-33ce-4586-969c-80cc52dd6b8d" testListId="8c84fa94-04c1-424b-9868-57a2d4851a1d" />
    <TestEntry testId="6e6240ad-a02a-790d-e057-4cdba598a56d" executionId="77ce21fe-8f44-410d-944e-dceda650fcb9" testListId="8c84fa94-04c1-424b-9868-57a2d4851a1d" />
    <TestEntry testId="79603908-6c58-f867-d926-813208ddb12d" executionId="eb945ce6-fb36-411e-8c40-8dc07f679b71" testListId="8c84fa94-04c1-424b-9868-57a2d4851a1d" />
    <TestEntry testId="7b0b0322-03c5-bfa5-6884-8a7285deb251" executionId="255b4b66-37c3-4cf9-9fae-e6243514886a" testListId="8c84fa94-04c1-424b-9868-57a2d4851a1d" />
    <TestEntry testId="7dc9c9a3-ee2a-f9ea-cec2-1a8e8a2ba7ec" executionId="0060d178-e63b-4742-b3b4-91aaf1f6e64c" testListId="8c84fa94-04c1-424b-9868-57a2d4851a1d" />
    <TestEntry testId="8ac0dc75-b417-f8db-9da9-ddf97bd434a3" executionId="b24b0d9d-739d-4aaa-9c4a-76e126cc3f7c" testListId="8c84fa94-04c1-424b-9868-57a2d4851a1d" />
    <TestEntry testId="9036e272-344d-da4d-c06e-c135863cfbb2" executionId="0c7be3b0-43e9-4b02-8b74-65bf5d77dcfc" testListId="8c84fa94-04c1-424b-9868-57a2d4851a1d" />
    <TestEntry testId="b0805486-7606-6eff-4d14-e06f479655d8" executionId="805df80d-735d-493d-b3e4-525e3f3bb59c" testListId="8c84fa94-04c1-424b-9868-57a2d4851a1d" />
    <TestEntry testId="b53aebfb-dd1b-29c6-5b46-5924eb5bd43c" executionId="89125508-5528-4b3e-8cdc-54121c21d499" testListId="8c84fa94-04c1-424b-9868-57a2d4851a1d" />
    <TestEntry testId="bcfe03aa-534e-66e1-a154-61c7d45a33a1" executionId="ecf7dc1d-a050-4da9-8ebe-7a1e3b21c53f" testListId="8c84fa94-04c1-424b-9868-57a2d4851a1d" />
    <TestEntry testId="f4718b36-646b-2b11-f5c9-9a9c0bf1492a" executionId="4fdbed76-c274-4055-b106-e965a461a182" testListId="8c84fa94-04c1-424b-9868-57a2d4851a1d" />
  </TestEntries>
  <Results>
    <UnitTestResult executionId="4e8d79d4-90f7-49fa-b123-c29ffe367713" testId="3bd0d5a0-e9de-ce8f-b3c1-a6babb01f328" testName="change_sequence_statusTest" computerName="SYSTEEMILUOKKA" duration="00:00:00.3414014" startTime="2022-12-03T11:20:47.3784628+02:00" endTime="2022-12-03T11:20:48.4721988+02:00" testType="13cdc9d9-ddb5-4fa4-a97d-d965ccfc6d4b" outcome="Passed" testListId="8c84fa94-04c1-424b-9868-57a2d4851a1d" relativeResultsDirectory="4e8d79d4-90f7-49fa-b123-c29ffe367713">
    </UnitTestResult>
    <UnitTestResult executionId="bab63b34-33ce-4586-969c-80cc52dd6b8d" testId="6e367d9c-9993-1d41-1249-e61835bc3870" testName="update_LS300m_statusTest" computerName="SYSTEEMILUOKKA" duration="00:00:00.0161880" startTime="2022-12-03T11:20:48.4721988+02:00" endTime="2022-12-03T11:20:48.5034484+02:00" testType="13cdc9d9-ddb5-4fa4-a97d-d965ccfc6d4b" outcome="Passed" testListId="8c84fa94-04c1-424b-9868-57a2d4851a1d" relativeResultsDirectory="bab63b34-33ce-4586-969c-80cc52dd6b8d">
    </UnitTestResult>
    <UnitTestResult executionId="77ce21fe-8f44-410d-944e-dceda650fcb9" testId="6e6240ad-a02a-790d-e057-4cdba598a56d" testName="invoke_PI300_valueTest" computerName="SYSTEEMILUOKKA" duration="00:00:00.0381660" startTime="2022-12-03T11:20:48.5034484+02:00" endTime="2022-12-03T11:20:48.5503228+02:00" testType="13cdc9d9-ddb5-4fa4-a97d-d965ccfc6d4b" outcome="Failed" testListId="8c84fa94-04c1-424b-9868-57a2d4851a1d" relativeResultsDirectory="77ce21fe-8f44-410d-944e-dceda650fcb9">
      <Output>
        <ErrorInfo>
          <Message>Assert.AreEqual failed. Expected:&lt;0 hPa&gt;. Actual:&lt;88hPa&gt;. </Message>
          <StackTrace>   at unit_tests.MainWindowTest.invoke_PI300_valueTest() in C:\Documents and Settings\Jari Huilla\My Documents\exercise\gui-app\unit_tests\unit_tests\MainWindowTest.cs:line 172
</StackTrace>
        </ErrorInfo>
      </Output>
    </UnitTestResult>
    <UnitTestResult executionId="eb945ce6-fb36-411e-8c40-8dc07f679b71" testId="79603908-6c58-f867-d926-813208ddb12d" testName="update_pump_valueTest" computerName="SYSTEEMILUOKKA" duration="00:00:00.1152666" startTime="2022-12-03T11:20:48.5659476+02:00" endTime="2022-12-03T11:20:48.6909460+02:00" testType="13cdc9d9-ddb5-4fa4-a97d-d965ccfc6d4b" outcome="Failed" testListId="8c84fa94-04c1-424b-9868-57a2d4851a1d" relativeResultsDirectory="eb945ce6-fb36-411e-8c40-8dc07f679b71">
      <Output>
        <ErrorInfo>
          <Message>Assert.AreEqual failed. Expected:&lt;40 %&gt;. Actual:&lt;P100 %&gt;. </Message>
          <StackTrace>   at unit_tests.MainWindowTest.update_pump_valueTest() in C:\Documents and Settings\Jari Huilla\My Documents\exercise\gui-app\unit_tests\unit_tests\MainWindowTest.cs:line 242
</StackTrace>
        </ErrorInfo>
      </Output>
    </UnitTestResult>
    <UnitTestResult executionId="255b4b66-37c3-4cf9-9fae-e6243514886a" testId="7b0b0322-03c5-bfa5-6884-8a7285deb251" testName="invoke_E100_valueTest" computerName="SYSTEEMILUOKKA" duration="00:00:00.0147577" startTime="2022-12-03T11:20:48.6909460+02:00" endTime="2022-12-03T11:20:48.7065708+02:00" testType="13cdc9d9-ddb5-4fa4-a97d-d965ccfc6d4b" outcome="Passed" testListId="8c84fa94-04c1-424b-9868-57a2d4851a1d" relativeResultsDirectory="255b4b66-37c3-4cf9-9fae-e6243514886a">
    </UnitTestResult>
    <UnitTestResult executionId="0060d178-e63b-4742-b3b4-91aaf1f6e64c" testId="7dc9c9a3-ee2a-f9ea-cec2-1a8e8a2ba7ec" testName="toggle_valveTest" computerName="SYSTEEMILUOKKA" duration="00:00:00.0233633" startTime="2022-12-03T11:20:48.7065708+02:00" endTime="2022-12-03T11:20:48.7534452+02:00" testType="13cdc9d9-ddb5-4fa4-a97d-d965ccfc6d4b" outcome="Passed" testListId="8c84fa94-04c1-424b-9868-57a2d4851a1d" relativeResultsDirectory="0060d178-e63b-4742-b3b4-91aaf1f6e64c">
    </UnitTestResult>
    <UnitTestResult executionId="b24b0d9d-739d-4aaa-9c4a-76e126cc3f7c" testId="8ac0dc75-b417-f8db-9da9-ddf97bd434a3" testName="update_pb_StatusTest" computerName="SYSTEEMILUOKKA" duration="00:00:00.0153902" startTime="2022-12-03T11:20:48.7534452+02:00" endTime="2022-12-03T11:20:48.7690700+02:00" testType="13cdc9d9-ddb5-4fa4-a97d-d965ccfc6d4b" outcome="Passed" testListId="8c84fa94-04c1-424b-9868-57a2d4851a1d" relativeResultsDirectory="b24b0d9d-739d-4aaa-9c4a-76e126cc3f7c">
    </UnitTestResult>
    <UnitTestResult executionId="0c7be3b0-43e9-4b02-8b74-65bf5d77dcfc" testId="9036e272-344d-da4d-c06e-c135863cfbb2" testName="invoke_valve_controlTest" computerName="SYSTEEMILUOKKA" duration="00:00:00.0143669" startTime="2022-12-03T11:20:48.7690700+02:00" endTime="2022-12-03T11:20:48.7846948+02:00" testType="13cdc9d9-ddb5-4fa4-a97d-d965ccfc6d4b" outcome="Failed" testListId="8c84fa94-04c1-424b-9868-57a2d4851a1d" relativeResultsDirectory="0c7be3b0-43e9-4b02-8b74-65bf5d77dcfc">
      <Output>
        <ErrorInfo>
          <Message>Assert.AreEqual failed. Expected:&lt;25 %&gt;. Actual:&lt;0 %&gt;. </Message>
          <StackTrace>   at unit_tests.MainWindowTest.invoke_valve_controlTest() in C:\Documents and Settings\Jari Huilla\My Documents\exercise\gui-app\unit_tests\unit_tests\MainWindowTest.cs:line 185
</StackTrace>
        </ErrorInfo>
      </Output>
    </UnitTestResult>
    <UnitTestResult executionId="805df80d-735d-493d-b3e4-525e3f3bb59c" testId="b0805486-7606-6eff-4d14-e06f479655d8" testName="connection_offlineTest" computerName="SYSTEEMILUOKKA" duration="00:00:42.9753256" startTime="2022-12-03T11:20:48.8003196+02:00" endTime="2022-12-03T11:21:31.7842736+02:00" testType="13cdc9d9-ddb5-4fa4-a97d-d965ccfc6d4b" outcome="Passed" testListId="8c84fa94-04c1-424b-9868-57a2d4851a1d" relativeResultsDirectory="805df80d-735d-493d-b3e4-525e3f3bb59c">
    </UnitTestResult>
    <UnitTestResult executionId="89125508-5528-4b3e-8cdc-54121c21d499" testId="b53aebfb-dd1b-29c6-5b46-5924eb5bd43c" testName="change_E100_valueTest" computerName="SYSTEEMILUOKKA" duration="00:00:00.0255342" startTime="2022-12-03T11:21:31.7842736+02:00" endTime="2022-12-03T11:21:31.8155236+02:00" testType="13cdc9d9-ddb5-4fa4-a97d-d965ccfc6d4b" outcome="Passed" testListId="8c84fa94-04c1-424b-9868-57a2d4851a1d" relativeResultsDirectory="89125508-5528-4b3e-8cdc-54121c21d499">
    </UnitTestResult>
    <UnitTestResult executionId="ecf7dc1d-a050-4da9-8ebe-7a1e3b21c53f" testId="bcfe03aa-534e-66e1-a154-61c7d45a33a1" testName="change_TI300_valueTest" computerName="SYSTEEMILUOKKA" duration="00:00:00.0154852" startTime="2022-12-03T11:21:31.8155236+02:00" endTime="2022-12-03T11:21:31.8311486+02:00" testType="13cdc9d9-ddb5-4fa4-a97d-d965ccfc6d4b" outcome="Failed" testListId="8c84fa94-04c1-424b-9868-57a2d4851a1d" relativeResultsDirectory="ecf7dc1d-a050-4da9-8ebe-7a1e3b21c53f">
      <Output>
        <ErrorInfo>
          <Message>Assert.AreEqual failed. Expected:&lt;0 °C&gt;. Actual:&lt;20.0 °C&gt;. </Message>
          <StackTrace>   at unit_tests.MainWindowTest.change_TI300_valueTest() in C:\Documents and Settings\Jari Huilla\My Documents\exercise\gui-app\unit_tests\unit_tests\MainWindowTest.cs:line 100
</StackTrace>
        </ErrorInfo>
      </Output>
    </UnitTestResult>
    <UnitTestResult executionId="4fdbed76-c274-4055-b106-e965a461a182" testId="f4718b36-646b-2b11-f5c9-9a9c0bf1492a" testName="connection_onlineTest" computerName="SYSTEEMILUOKKA" duration="00:00:00.0259331" startTime="2022-12-03T11:21:31.8311486+02:00" endTime="2022-12-03T11:21:31.8623986+02:00" testType="13cdc9d9-ddb5-4fa4-a97d-d965ccfc6d4b" outcome="Passed" testListId="8c84fa94-04c1-424b-9868-57a2d4851a1d" relativeResultsDirectory="4fdbed76-c274-4055-b106-e965a461a182">
    </UnitTestResult>
  </Results>
</TestRun>