<?xml version="1.0" encoding="UTF-8"?>
<TestRun id="0422387d-3dd5-47bd-829e-f260bbd7e4a9" name="Jari Huilla@SYSTEEMILUOKKA 2022-12-03 11:53:45" runUser="SYSTEEMILUOKKA\Jari Huilla" xmlns="http://microsoft.com/schemas/VisualStudio/TeamTest/2010">
  <TestSettings name="Default Test Settings" id="70002c04-598a-4374-9c97-81da5826ace7">
    <Deployment runDeploymentRoot="Jari Huilla_SYSTEEMILUOKKA 2022-12-03 11_53_45">
      <DeploymentItem filename="C:\Documents and Settings\Jari Huilla\My Documents\MppOpcUaClientLib_dll (1)\MppOpcUaClientLib_dll\Tuni.MppOpcUaClientLib.dll" />
      <DeploymentItem filename="C:\Documents and Settings\Jari Huilla\My Documents\MppOpcUaClientLib_dll (1)\MppOpcUaClientLib_dll\UnifiedAutomation.UaBase.dll" />
      <DeploymentItem filename="C:\Documents and Settings\Jari Huilla\My Documents\MppOpcUaClientLib_dll (1)\MppOpcUaClientLib_dll\UnifiedAutomation.UaClient.dll" />
      <DeploymentItem filename="C:\Documents and Settings\Jari Huilla\My Documents\exercise\gui-app\gui-app\bin\Debug\gui-app.exe" />
    </Deployment>
    <Execution>
      <TestTypeSpecific />
      <AgentRule name="Execution Agents">
      </AgentRule>
    </Execution>
  </TestSettings>
  <Times creation="2022-12-03T11:53:45.6042122+02:00" queuing="2022-12-03T11:53:47.0887107+02:00" start="2022-12-03T11:53:47.1980948+02:00" finish="2022-12-03T11:57:21.3001091+02:00" />
  <ResultSummary outcome="Completed">
    <Counters total="13" executed="13" passed="13" error="0" failed="0" timeout="0" aborted="0" inconclusive="0" passedButRunAborted="0" notRunnable="0" notExecuted="0" disconnected="0" warning="0" completed="0" inProgress="0" pending="0" />
  </ResultSummary>
  <TestDefinitions>
    <UnitTest name="toggle_valveTest" storage="c:\documents and settings\jari huilla\my documents\exercise\gui-app\unit_tests\unit_tests\bin\debug\unit_tests.dll" id="7dc9c9a3-ee2a-f9ea-cec2-1a8e8a2ba7ec">
      <DeploymentItems>
        <DeploymentItem filename="gui-app.exe" />
      </DeploymentItems>
      <Execution id="b8ae7143-4f23-4d38-ad99-ee806cc58678" />
      <TestMethod codeBase="C:/Documents and Settings/Jari Huilla/My Documents/exercise/gui-app/unit_tests/unit_tests/bin/Debug/unit_tests.DLL" adapterTypeName="Microsoft.VisualStudio.TestTools.TestTypes.Unit.UnitTestAdapter, Microsoft.VisualStudio.QualityTools.Tips.UnitTest.Adapter, Version=10.0.0.0, Culture=neutral, PublicKeyToken=b03f5f7f11d50a3a" className="unit_tests.MainWindowTest, unit_tests, Version=1.0.0.0, Culture=neutral, PublicKeyToken=null" name="toggle_valveTest" />
    </UnitTest>
    <UnitTest name="change_sequence_statusTest" storage="c:\documents and settings\jari huilla\my documents\exercise\gui-app\unit_tests\unit_tests\bin\debug\unit_tests.dll" id="3bd0d5a0-e9de-ce8f-b3c1-a6babb01f328">
      <DeploymentItems>
        <DeploymentItem filename="gui-app.exe" />
      </DeploymentItems>
      <Execution id="87c038fa-b540-4d7d-8877-a3da531f7d58" />
      <TestMethod codeBase="C:/Documents and Settings/Jari Huilla/My Documents/exercise/gui-app/unit_tests/unit_tests/bin/Debug/unit_tests.DLL" adapterTypeName="Microsoft.VisualStudio.TestTools.TestTypes.Unit.UnitTestAdapter, Microsoft.VisualStudio.QualityTools.Tips.UnitTest.Adapter, Version=10.0.0.0, Culture=neutral, PublicKeyToken=b03f5f7f11d50a3a" className="unit_tests.MainWindowTest, unit_tests, Version=1.0.0.0, Culture=neutral, PublicKeyToken=null" name="change_sequence_statusTest" />
    </UnitTest>
    <UnitTest name="update_pb_StatusTest" storage="c:\documents and settings\jari huilla\my documents\exercise\gui-app\unit_tests\unit_tests\bin\debug\unit_tests.dll" id="8ac0dc75-b417-f8db-9da9-ddf97bd434a3">
      <DeploymentItems>
        <DeploymentItem filename="gui-app.exe" />
      </DeploymentItems>
      <Execution id="4472a4db-f8fe-4939-ab91-b49102e4dfbf" />
      <TestMethod codeBase="C:/Documents and Settings/Jari Huilla/My Documents/exercise/gui-app/unit_tests/unit_tests/bin/Debug/unit_tests.DLL" adapterTypeName="Microsoft.VisualStudio.TestTools.TestTypes.Unit.UnitTestAdapter, Microsoft.VisualStudio.QualityTools.Tips.UnitTest.Adapter, Version=10.0.0.0, Culture=neutral, PublicKeyToken=b03f5f7f11d50a3a" className="unit_tests.MainWindowTest, unit_tests, Version=1.0.0.0, Culture=neutral, PublicKeyToken=null" name="update_pb_StatusTest" />
    </UnitTest>
    <UnitTest name="check_input_valTest" storage="c:\documents and settings\jari huilla\my documents\exercise\gui-app\unit_tests\unit_tests\bin\debug\unit_tests.dll" id="6bd171df-c382-1558-2c7e-89b53efa35aa">
      <DeploymentItems>
        <DeploymentItem filename="gui-app.exe" />
      </DeploymentItems>
      <Execution id="5bba7403-9164-4ff3-a2e7-a81fe71178ef" />
      <TestMethod codeBase="C:/Documents and Settings/Jari Huilla/My Documents/exercise/gui-app/unit_tests/unit_tests/bin/Debug/unit_tests.DLL" adapterTypeName="Microsoft.VisualStudio.TestTools.TestTypes.Unit.UnitTestAdapter, Microsoft.VisualStudio.QualityTools.Tips.UnitTest.Adapter, Version=10.0.0.0, Culture=neutral, PublicKeyToken=b03f5f7f11d50a3a" className="unit_tests.MainWindowTest, unit_tests, Version=1.0.0.0, Culture=neutral, PublicKeyToken=null" name="check_input_valTest" />
    </UnitTest>
    <UnitTest name="change_E100_valueTest" storage="c:\documents and settings\jari huilla\my documents\exercise\gui-app\unit_tests\unit_tests\bin\debug\unit_tests.dll" id="b53aebfb-dd1b-29c6-5b46-5924eb5bd43c">
      <DeploymentItems>
        <DeploymentItem filename="gui-app.exe" />
      </DeploymentItems>
      <Execution id="97a011ff-4b66-422e-b89a-b5e925e2903e" />
      <TestMethod codeBase="C:/Documents and Settings/Jari Huilla/My Documents/exercise/gui-app/unit_tests/unit_tests/bin/Debug/unit_tests.DLL" adapterTypeName="Microsoft.VisualStudio.TestTools.TestTypes.Unit.UnitTestAdapter, Microsoft.VisualStudio.QualityTools.Tips.UnitTest.Adapter, Version=10.0.0.0, Culture=neutral, PublicKeyToken=b03f5f7f11d50a3a" className="unit_tests.MainWindowTest, unit_tests, Version=1.0.0.0, Culture=neutral, PublicKeyToken=null" name="change_E100_valueTest" />
    </UnitTest>
    <UnitTest name="connection_offlineTest" storage="c:\documents and settings\jari huilla\my documents\exercise\gui-app\unit_tests\unit_tests\bin\debug\unit_tests.dll" id="b0805486-7606-6eff-4d14-e06f479655d8">
      <Execution id="f68d54f4-50a0-4ad4-a922-8a91c1da95e0" />
      <TestMethod codeBase="C:/Documents and Settings/Jari Huilla/My Documents/exercise/gui-app/unit_tests/unit_tests/bin/Debug/unit_tests.DLL" adapterTypeName="Microsoft.VisualStudio.TestTools.TestTypes.Unit.UnitTestAdapter, Microsoft.VisualStudio.QualityTools.Tips.UnitTest.Adapter, Version=10.0.0.0, Culture=neutral, PublicKeyToken=b03f5f7f11d50a3a" className="unit_tests.MainWindowTest, unit_tests, Version=1.0.0.0, Culture=neutral, PublicKeyToken=null" name="connection_offlineTest" />
    </UnitTest>
    <UnitTest name="update_PI300_valueTest" storage="c:\documents and settings\jari huilla\my documents\exercise\gui-app\unit_tests\unit_tests\bin\debug\unit_tests.dll" id="381a9000-13f7-0ac0-d1c9-a793b91f09b2">
      <Execution id="d3502265-fccf-446f-9537-094d8d2b47a5" />
      <TestMethod codeBase="C:/Documents and Settings/Jari Huilla/My Documents/exercise/gui-app/unit_tests/unit_tests/bin/Debug/unit_tests.DLL" adapterTypeName="Microsoft.VisualStudio.TestTools.TestTypes.Unit.UnitTestAdapter, Microsoft.VisualStudio.QualityTools.Tips.UnitTest.Adapter, Version=10.0.0.0, Culture=neutral, PublicKeyToken=b03f5f7f11d50a3a" className="unit_tests.MainWindowTest, unit_tests, Version=1.0.0.0, Culture=neutral, PublicKeyToken=null" name="update_PI300_valueTest" />
    </UnitTest>
    <UnitTest name="invoke_E100_valueTest" storage="c:\documents and settings\jari huilla\my documents\exercise\gui-app\unit_tests\unit_tests\bin\debug\unit_tests.dll" id="7b0b0322-03c5-bfa5-6884-8a7285deb251">
      <Execution id="6acb3d83-e2a4-44ba-b666-066ef7d7d469" />
      <TestMethod codeBase="C:/Documents and Settings/Jari Huilla/My Documents/exercise/gui-app/unit_tests/unit_tests/bin/Debug/unit_tests.DLL" adapterTypeName="Microsoft.VisualStudio.TestTools.TestTypes.Unit.UnitTestAdapter, Microsoft.VisualStudio.QualityTools.Tips.UnitTest.Adapter, Version=10.0.0.0, Culture=neutral, PublicKeyToken=b03f5f7f11d50a3a" className="unit_tests.MainWindowTest, unit_tests, Version=1.0.0.0, Culture=neutral, PublicKeyToken=null" name="invoke_E100_valueTest" />
    </UnitTest>
    <UnitTest name="connection_onlineTest" storage="c:\documents and settings\jari huilla\my documents\exercise\gui-app\unit_tests\unit_tests\bin\debug\unit_tests.dll" id="f4718b36-646b-2b11-f5c9-9a9c0bf1492a">
      <Execution id="ec3bf83e-42cb-44ce-bae4-a979e5840e09" />
      <TestMethod codeBase="C:/Documents and Settings/Jari Huilla/My Documents/exercise/gui-app/unit_tests/unit_tests/bin/Debug/unit_tests.DLL" adapterTypeName="Microsoft.VisualStudio.TestTools.TestTypes.Unit.UnitTestAdapter, Microsoft.VisualStudio.QualityTools.Tips.UnitTest.Adapter, Version=10.0.0.0, Culture=neutral, PublicKeyToken=b03f5f7f11d50a3a" className="unit_tests.MainWindowTest, unit_tests, Version=1.0.0.0, Culture=neutral, PublicKeyToken=null" name="connection_onlineTest" />
    </UnitTest>
    <UnitTest name="update_LS300m_statusTest" storage="c:\documents and settings\jari huilla\my documents\exercise\gui-app\unit_tests\unit_tests\bin\debug\unit_tests.dll" id="6e367d9c-9993-1d41-1249-e61835bc3870">
      <DeploymentItems>
        <DeploymentItem filename="gui-app.exe" />
      </DeploymentItems>
      <Execution id="79125194-091c-4680-9317-9958112147cb" />
      <TestMethod codeBase="C:/Documents and Settings/Jari Huilla/My Documents/exercise/gui-app/unit_tests/unit_tests/bin/Debug/unit_tests.DLL" adapterTypeName="Microsoft.VisualStudio.TestTools.TestTypes.Unit.UnitTestAdapter, Microsoft.VisualStudio.QualityTools.Tips.UnitTest.Adapter, Version=10.0.0.0, Culture=neutral, PublicKeyToken=b03f5f7f11d50a3a" className="unit_tests.MainWindowTest, unit_tests, Version=1.0.0.0, Culture=neutral, PublicKeyToken=null" name="update_LS300m_statusTest" />
    </UnitTest>
    <UnitTest name="set_valve_controlTest" storage="c:\documents and settings\jari huilla\my documents\exercise\gui-app\unit_tests\unit_tests\bin\debug\unit_tests.dll" id="b42c3a56-667a-f33b-8392-5960b32e3f0c">
      <Execution id="883b06d3-63a2-442e-99e1-d059063924aa" />
      <TestMethod codeBase="C:/Documents and Settings/Jari Huilla/My Documents/exercise/gui-app/unit_tests/unit_tests/bin/Debug/unit_tests.DLL" adapterTypeName="Microsoft.VisualStudio.TestTools.TestTypes.Unit.UnitTestAdapter, Microsoft.VisualStudio.QualityTools.Tips.UnitTest.Adapter, Version=10.0.0.0, Culture=neutral, PublicKeyToken=b03f5f7f11d50a3a" className="unit_tests.MainWindowTest, unit_tests, Version=1.0.0.0, Culture=neutral, PublicKeyToken=null" name="set_valve_controlTest" />
    </UnitTest>
    <UnitTest name="update_pump_valueTest" storage="c:\documents and settings\jari huilla\my documents\exercise\gui-app\unit_tests\unit_tests\bin\debug\unit_tests.dll" id="79603908-6c58-f867-d926-813208ddb12d">
      <DeploymentItems>
        <DeploymentItem filename="gui-app.exe" />
      </DeploymentItems>
      <Execution id="48ea42e6-6f7f-407b-b413-f72ae1557e14" />
      <TestMethod codeBase="C:/Documents and Settings/Jari Huilla/My Documents/exercise/gui-app/unit_tests/unit_tests/bin/Debug/unit_tests.DLL" adapterTypeName="Microsoft.VisualStudio.TestTools.TestTypes.Unit.UnitTestAdapter, Microsoft.VisualStudio.QualityTools.Tips.UnitTest.Adapter, Version=10.0.0.0, Culture=neutral, PublicKeyToken=b03f5f7f11d50a3a" className="unit_tests.MainWindowTest, unit_tests, Version=1.0.0.0, Culture=neutral, PublicKeyToken=null" name="update_pump_valueTest" />
    </UnitTest>
    <UnitTest name="update_TI300_valueTest" storage="c:\documents and settings\jari huilla\my documents\exercise\gui-app\unit_tests\unit_tests\bin\debug\unit_tests.dll" id="ae0eeb43-6e0e-a48d-851f-e4cd34a41346">
      <Execution id="b7271043-a4b6-48aa-bd95-806078a252d3" />
      <TestMethod codeBase="C:/Documents and Settings/Jari Huilla/My Documents/exercise/gui-app/unit_tests/unit_tests/bin/Debug/unit_tests.DLL" adapterTypeName="Microsoft.VisualStudio.TestTools.TestTypes.Unit.UnitTestAdapter, Microsoft.VisualStudio.QualityTools.Tips.UnitTest.Adapter, Version=10.0.0.0, Culture=neutral, PublicKeyToken=b03f5f7f11d50a3a" className="unit_tests.MainWindowTest, unit_tests, Version=1.0.0.0, Culture=neutral, PublicKeyToken=null" name="update_TI300_valueTest" />
    </UnitTest>
  </TestDefinitions>
  <TestLists>
    <TestList name="Results Not in a List" id="8c84fa94-04c1-424b-9868-57a2d4851a1d" />
    <TestList name="All Loaded Results" id="19431567-8539-422a-85d7-44ee4e166bda" />
  </TestLists>
  <TestEntries>
    <TestEntry testId="381a9000-13f7-0ac0-d1c9-a793b91f09b2" executionId="d3502265-fccf-446f-9537-094d8d2b47a5" testListId="8c84fa94-04c1-424b-9868-57a2d4851a1d" />
    <TestEntry testId="3bd0d5a0-e9de-ce8f-b3c1-a6babb01f328" executionId="87c038fa-b540-4d7d-8877-a3da531f7d58" testListId="8c84fa94-04c1-424b-9868-57a2d4851a1d" />
    <TestEntry testId="6bd171df-c382-1558-2c7e-89b53efa35aa" executionId="5bba7403-9164-4ff3-a2e7-a81fe71178ef" testListId="8c84fa94-04c1-424b-9868-57a2d4851a1d" />
    <TestEntry testId="6e367d9c-9993-1d41-1249-e61835bc3870" executionId="79125194-091c-4680-9317-9958112147cb" testListId="8c84fa94-04c1-424b-9868-57a2d4851a1d" />
    <TestEntry testId="79603908-6c58-f867-d926-813208ddb12d" executionId="48ea42e6-6f7f-407b-b413-f72ae1557e14" testListId="8c84fa94-04c1-424b-9868-57a2d4851a1d" />
    <TestEntry testId="7b0b0322-03c5-bfa5-6884-8a7285deb251" executionId="6acb3d83-e2a4-44ba-b666-066ef7d7d469" testListId="8c84fa94-04c1-424b-9868-57a2d4851a1d" />
    <TestEntry testId="7dc9c9a3-ee2a-f9ea-cec2-1a8e8a2ba7ec" executionId="b8ae7143-4f23-4d38-ad99-ee806cc58678" testListId="8c84fa94-04c1-424b-9868-57a2d4851a1d" />
    <TestEntry testId="8ac0dc75-b417-f8db-9da9-ddf97bd434a3" executionId="4472a4db-f8fe-4939-ab91-b49102e4dfbf" testListId="8c84fa94-04c1-424b-9868-57a2d4851a1d" />
    <TestEntry testId="ae0eeb43-6e0e-a48d-851f-e4cd34a41346" executionId="b7271043-a4b6-48aa-bd95-806078a252d3" testListId="8c84fa94-04c1-424b-9868-57a2d4851a1d" />
    <TestEntry testId="b0805486-7606-6eff-4d14-e06f479655d8" executionId="f68d54f4-50a0-4ad4-a922-8a91c1da95e0" testListId="8c84fa94-04c1-424b-9868-57a2d4851a1d" />
    <TestEntry testId="b42c3a56-667a-f33b-8392-5960b32e3f0c" executionId="883b06d3-63a2-442e-99e1-d059063924aa" testListId="8c84fa94-04c1-424b-9868-57a2d4851a1d" />
    <TestEntry testId="b53aebfb-dd1b-29c6-5b46-5924eb5bd43c" executionId="97a011ff-4b66-422e-b89a-b5e925e2903e" testListId="8c84fa94-04c1-424b-9868-57a2d4851a1d" />
    <TestEntry testId="f4718b36-646b-2b11-f5c9-9a9c0bf1492a" executionId="ec3bf83e-42cb-44ce-bae4-a979e5840e09" testListId="8c84fa94-04c1-424b-9868-57a2d4851a1d" />
  </TestEntries>
  <Results>
    <UnitTestResult executionId="d3502265-fccf-446f-9537-094d8d2b47a5" testId="381a9000-13f7-0ac0-d1c9-a793b91f09b2" testName="update_PI300_valueTest" computerName="SYSTEEMILUOKKA" duration="00:00:00.2251023" startTime="2022-12-03T11:53:47.2293474+02:00" endTime="2022-12-03T11:53:47.9950361+02:00" testType="13cdc9d9-ddb5-4fa4-a97d-d965ccfc6d4b" outcome="Passed" testListId="8c84fa94-04c1-424b-9868-57a2d4851a1d" relativeResultsDirectory="d3502265-fccf-446f-9537-094d8d2b47a5">
    </UnitTestResult>
    <UnitTestResult executionId="87c038fa-b540-4d7d-8877-a3da531f7d58" testId="3bd0d5a0-e9de-ce8f-b3c1-a6babb01f328" testName="change_sequence_statusTest" computerName="SYSTEEMILUOKKA" duration="00:00:00.0252275" startTime="2022-12-03T11:53:48.4794514+02:00" endTime="2022-12-03T11:53:48.5107040+02:00" testType="13cdc9d9-ddb5-4fa4-a97d-d965ccfc6d4b" outcome="Passed" testListId="8c84fa94-04c1-424b-9868-57a2d4851a1d" relativeResultsDirectory="87c038fa-b540-4d7d-8877-a3da531f7d58">
    </UnitTestResult>
    <UnitTestResult executionId="5bba7403-9164-4ff3-a2e7-a81fe71178ef" testId="6bd171df-c382-1558-2c7e-89b53efa35aa" testName="check_input_valTest" computerName="SYSTEEMILUOKKA" duration="00:03:30.9555734" startTime="2022-12-03T11:53:48.5107040+02:00" endTime="2022-12-03T11:57:19.4875859+02:00" testType="13cdc9d9-ddb5-4fa4-a97d-d965ccfc6d4b" outcome="Passed" testListId="8c84fa94-04c1-424b-9868-57a2d4851a1d" relativeResultsDirectory="5bba7403-9164-4ff3-a2e7-a81fe71178ef">
    </UnitTestResult>
    <UnitTestResult executionId="79125194-091c-4680-9317-9958112147cb" testId="6e367d9c-9993-1d41-1249-e61835bc3870" testName="update_LS300m_statusTest" computerName="SYSTEEMILUOKKA" duration="00:00:00.0468875" startTime="2022-12-03T11:57:19.4875859+02:00" endTime="2022-12-03T11:57:19.5500867+02:00" testType="13cdc9d9-ddb5-4fa4-a97d-d965ccfc6d4b" outcome="Passed" testListId="8c84fa94-04c1-424b-9868-57a2d4851a1d" relativeResultsDirectory="79125194-091c-4680-9317-9958112147cb">
    </UnitTestResult>
    <UnitTestResult executionId="48ea42e6-6f7f-407b-b413-f72ae1557e14" testId="79603908-6c58-f867-d926-813208ddb12d" testName="update_pump_valueTest" computerName="SYSTEEMILUOKKA" duration="00:00:00.0155634" startTime="2022-12-03T11:57:19.5500867+02:00" endTime="2022-12-03T11:57:19.5657119+02:00" testType="13cdc9d9-ddb5-4fa4-a97d-d965ccfc6d4b" outcome="Passed" testListId="8c84fa94-04c1-424b-9868-57a2d4851a1d" relativeResultsDirectory="48ea42e6-6f7f-407b-b413-f72ae1557e14">
    </UnitTestResult>
    <UnitTestResult executionId="6acb3d83-e2a4-44ba-b666-066ef7d7d469" testId="7b0b0322-03c5-bfa5-6884-8a7285deb251" testName="invoke_E100_valueTest" computerName="SYSTEEMILUOKKA" duration="00:00:00.0434613" startTime="2022-12-03T11:57:19.5657119+02:00" endTime="2022-12-03T11:57:19.6125875+02:00" testType="13cdc9d9-ddb5-4fa4-a97d-d965ccfc6d4b" outcome="Passed" testListId="8c84fa94-04c1-424b-9868-57a2d4851a1d" relativeResultsDirectory="6acb3d83-e2a4-44ba-b666-066ef7d7d469">
    </UnitTestResult>
    <UnitTestResult executionId="b8ae7143-4f23-4d38-ad99-ee806cc58678" testId="7dc9c9a3-ee2a-f9ea-cec2-1a8e8a2ba7ec" testName="toggle_valveTest" computerName="SYSTEEMILUOKKA" duration="00:00:00.0311059" startTime="2022-12-03T11:57:19.6282127+02:00" endTime="2022-12-03T11:57:19.6594631+02:00" testType="13cdc9d9-ddb5-4fa4-a97d-d965ccfc6d4b" outcome="Passed" testListId="8c84fa94-04c1-424b-9868-57a2d4851a1d" relativeResultsDirectory="b8ae7143-4f23-4d38-ad99-ee806cc58678">
    </UnitTestResult>
    <UnitTestResult executionId="4472a4db-f8fe-4939-ab91-b49102e4dfbf" testId="8ac0dc75-b417-f8db-9da9-ddf97bd434a3" testName="update_pb_StatusTest" computerName="SYSTEEMILUOKKA" duration="00:00:00.0381534" startTime="2022-12-03T11:57:19.6594631+02:00" endTime="2022-12-03T11:57:19.7063387+02:00" testType="13cdc9d9-ddb5-4fa4-a97d-d965ccfc6d4b" outcome="Passed" testListId="8c84fa94-04c1-424b-9868-57a2d4851a1d" relativeResultsDirectory="4472a4db-f8fe-4939-ab91-b49102e4dfbf">
    </UnitTestResult>
    <UnitTestResult executionId="b7271043-a4b6-48aa-bd95-806078a252d3" testId="ae0eeb43-6e0e-a48d-851f-e4cd34a41346" testName="update_TI300_valueTest" computerName="SYSTEEMILUOKKA" duration="00:00:00.0351346" startTime="2022-12-03T11:57:19.7063387+02:00" endTime="2022-12-03T11:57:19.7532143+02:00" testType="13cdc9d9-ddb5-4fa4-a97d-d965ccfc6d4b" outcome="Passed" testListId="8c84fa94-04c1-424b-9868-57a2d4851a1d" relativeResultsDirectory="b7271043-a4b6-48aa-bd95-806078a252d3">
    </UnitTestResult>
    <UnitTestResult executionId="f68d54f4-50a0-4ad4-a922-8a91c1da95e0" testId="b0805486-7606-6eff-4d14-e06f479655d8" testName="connection_offlineTest" computerName="SYSTEEMILUOKKA" duration="00:00:01.3137909" startTime="2022-12-03T11:57:19.7532143+02:00" endTime="2022-12-03T11:57:21.0813563+02:00" testType="13cdc9d9-ddb5-4fa4-a97d-d965ccfc6d4b" outcome="Passed" testListId="8c84fa94-04c1-424b-9868-57a2d4851a1d" relativeResultsDirectory="f68d54f4-50a0-4ad4-a922-8a91c1da95e0">
    </UnitTestResult>
    <UnitTestResult executionId="883b06d3-63a2-442e-99e1-d059063924aa" testId="b42c3a56-667a-f33b-8392-5960b32e3f0c" testName="set_valve_controlTest" computerName="SYSTEEMILUOKKA" duration="00:00:00.0378668" startTime="2022-12-03T11:57:21.0813563+02:00" endTime="2022-12-03T11:57:21.1282319+02:00" testType="13cdc9d9-ddb5-4fa4-a97d-d965ccfc6d4b" outcome="Passed" testListId="8c84fa94-04c1-424b-9868-57a2d4851a1d" relativeResultsDirectory="883b06d3-63a2-442e-99e1-d059063924aa">
    </UnitTestResult>
    <UnitTestResult executionId="97a011ff-4b66-422e-b89a-b5e925e2903e" testId="b53aebfb-dd1b-29c6-5b46-5924eb5bd43c" testName="change_E100_valueTest" computerName="SYSTEEMILUOKKA" duration="00:00:00.0149778" startTime="2022-12-03T11:57:21.1282319+02:00" endTime="2022-12-03T11:57:21.1438571+02:00" testType="13cdc9d9-ddb5-4fa4-a97d-d965ccfc6d4b" outcome="Passed" testListId="8c84fa94-04c1-424b-9868-57a2d4851a1d" relativeResultsDirectory="97a011ff-4b66-422e-b89a-b5e925e2903e">
    </UnitTestResult>
    <UnitTestResult executionId="ec3bf83e-42cb-44ce-bae4-a979e5840e09" testId="f4718b36-646b-2b11-f5c9-9a9c0bf1492a" testName="connection_onlineTest" computerName="SYSTEEMILUOKKA" duration="00:00:00.0173952" startTime="2022-12-03T11:57:21.1438571+02:00" endTime="2022-12-03T11:57:21.1751075+02:00" testType="13cdc9d9-ddb5-4fa4-a97d-d965ccfc6d4b" outcome="Passed" testListId="8c84fa94-04c1-424b-9868-57a2d4851a1d" relativeResultsDirectory="ec3bf83e-42cb-44ce-bae4-a979e5840e09">
    </UnitTestResult>
  </Results>
</TestRun>