<?xml version="1.0" encoding="UTF-8"?>
<TestRun id="1fbc8725-151d-4006-94e4-d86cb29981e7" name="Jari Huilla@SYSTEEMILUOKKA 2022-12-04 13:13:04" runUser="SYSTEEMILUOKKA\Jari Huilla" xmlns="http://microsoft.com/schemas/VisualStudio/TeamTest/2010">
  <TestSettings name="Default Test Settings" id="ae08ff51-5049-4cfa-81ad-5bc84e3313b1">
    <Deployment runDeploymentRoot="Jari Huilla_SYSTEEMILUOKKA 2022-12-04 13_13_04">
      <DeploymentItem filename="C:\Documents and Settings\Jari Huilla\My Documents\MppOpcUaClientLib_dll (1)\MppOpcUaClientLib_dll\Tuni.MppOpcUaClientLib.dll" />
      <DeploymentItem filename="C:\Documents and Settings\Jari Huilla\My Documents\MppOpcUaClientLib_dll (1)\MppOpcUaClientLib_dll\UnifiedAutomation.UaBase.dll" />
      <DeploymentItem filename="C:\Documents and Settings\Jari Huilla\My Documents\MppOpcUaClientLib_dll (1)\MppOpcUaClientLib_dll\UnifiedAutomation.UaClient.dll" />
      <DeploymentItem filename="C:\Documents and Settings\Jari Huilla\My Documents\exercise\gui-app\gui-app\bin\Debug\gui-app.exe" />
    </Deployment>
    <Execution>
      <TestTypeSpecific />
      <AgentRule name="Execution Agents">
      </AgentRule>
    </Execution>
  </TestSettings>
  <Times creation="2022-12-04T13:13:04.7947261+02:00" queuing="2022-12-04T13:13:07.5602803+02:00" start="2022-12-04T13:13:07.7790247+02:00" finish="2022-12-04T13:15:45.0419661+02:00" />
  <ResultSummary outcome="Failed">
    <Counters total="21" executed="21" passed="17" error="0" failed="1" timeout="0" aborted="0" inconclusive="3" passedButRunAborted="0" notRunnable="0" notExecuted="0" disconnected="0" warning="0" completed="0" inProgress="0" pending="0" />
  </ResultSummary>
  <TestDefinitions>
    <UnitTest name="toggle_valveTest" storage="c:\documents and settings\jari huilla\my documents\exercise\gui-app\unit_tests\unit_tests\bin\debug\unit_tests.dll" id="7dc9c9a3-ee2a-f9ea-cec2-1a8e8a2ba7ec">
      <DeploymentItems>
        <DeploymentItem filename="gui-app.exe" />
      </DeploymentItems>
      <Execution id="33fa4eb5-f75a-4631-bc4a-2b015b86ff44" />
      <TestMethod codeBase="C:/Documents and Settings/Jari Huilla/My Documents/exercise/gui-app/unit_tests/unit_tests/bin/Debug/unit_tests.DLL" adapterTypeName="Microsoft.VisualStudio.TestTools.TestTypes.Unit.UnitTestAdapter, Microsoft.VisualStudio.QualityTools.Tips.UnitTest.Adapter, Version=10.0.0.0, Culture=neutral, PublicKeyToken=b03f5f7f11d50a3a" className="unit_tests.MainWindowTest, unit_tests, Version=1.0.0.0, Culture=neutral, PublicKeyToken=null" name="toggle_valveTest" />
    </UnitTest>
    <UnitTest name="change_sequence_statusTest" storage="c:\documents and settings\jari huilla\my documents\exercise\gui-app\unit_tests\unit_tests\bin\debug\unit_tests.dll" id="3bd0d5a0-e9de-ce8f-b3c1-a6babb01f328">
      <DeploymentItems>
        <DeploymentItem filename="gui-app.exe" />
      </DeploymentItems>
      <Execution id="84b381a1-fab8-45b4-9538-ce709fbad61a" />
      <TestMethod codeBase="C:/Documents and Settings/Jari Huilla/My Documents/exercise/gui-app/unit_tests/unit_tests/bin/Debug/unit_tests.DLL" adapterTypeName="Microsoft.VisualStudio.TestTools.TestTypes.Unit.UnitTestAdapter, Microsoft.VisualStudio.QualityTools.Tips.UnitTest.Adapter, Version=10.0.0.0, Culture=neutral, PublicKeyToken=b03f5f7f11d50a3a" className="unit_tests.MainWindowTest, unit_tests, Version=1.0.0.0, Culture=neutral, PublicKeyToken=null" name="change_sequence_statusTest" />
    </UnitTest>
    <UnitTest name="update_TI300_valueTest" storage="c:\documents and settings\jari huilla\my documents\exercise\gui-app\unit_tests\unit_tests\bin\debug\unit_tests.dll" id="ae0eeb43-6e0e-a48d-851f-e4cd34a41346">
      <Execution id="02c44dcb-1495-47e3-8fea-37c2c9eeb018" />
      <TestMethod codeBase="C:/Documents and Settings/Jari Huilla/My Documents/exercise/gui-app/unit_tests/unit_tests/bin/Debug/unit_tests.DLL" adapterTypeName="Microsoft.VisualStudio.TestTools.TestTypes.Unit.UnitTestAdapter, Microsoft.VisualStudio.QualityTools.Tips.UnitTest.Adapter, Version=10.0.0.0, Culture=neutral, PublicKeyToken=b03f5f7f11d50a3a" className="unit_tests.MainWindowTest, unit_tests, Version=1.0.0.0, Culture=neutral, PublicKeyToken=null" name="update_TI300_valueTest" />
    </UnitTest>
    <UnitTest name="update_pb_StatusTest" storage="c:\documents and settings\jari huilla\my documents\exercise\gui-app\unit_tests\unit_tests\bin\debug\unit_tests.dll" id="8ac0dc75-b417-f8db-9da9-ddf97bd434a3">
      <DeploymentItems>
        <DeploymentItem filename="gui-app.exe" />
      </DeploymentItems>
      <Execution id="5ca71b68-fd3d-4b30-8cef-585aa38f1036" />
      <TestMethod codeBase="C:/Documents and Settings/Jari Huilla/My Documents/exercise/gui-app/unit_tests/unit_tests/bin/Debug/unit_tests.DLL" adapterTypeName="Microsoft.VisualStudio.TestTools.TestTypes.Unit.UnitTestAdapter, Microsoft.VisualStudio.QualityTools.Tips.UnitTest.Adapter, Version=10.0.0.0, Culture=neutral, PublicKeyToken=b03f5f7f11d50a3a" className="unit_tests.MainWindowTest, unit_tests, Version=1.0.0.0, Culture=neutral, PublicKeyToken=null" name="update_pb_StatusTest" />
    </UnitTest>
    <UnitTest name="shutdown_processTest" storage="c:\documents and settings\jari huilla\my documents\exercise\gui-app\unit_tests\unit_tests\bin\debug\unit_tests.dll" id="64299ba7-01b4-3852-ddb4-66fb1ddd418c">
      <Execution id="712126ba-0027-4c79-89f5-fd0ea33198ff" />
      <TestMethod codeBase="C:/Documents and Settings/Jari Huilla/My Documents/exercise/gui-app/unit_tests/unit_tests/bin/Debug/unit_tests.DLL" adapterTypeName="Microsoft.VisualStudio.TestTools.TestTypes.Unit.UnitTestAdapter, Microsoft.VisualStudio.QualityTools.Tips.UnitTest.Adapter, Version=10.0.0.0, Culture=neutral, PublicKeyToken=b03f5f7f11d50a3a" className="unit_tests.LogicTest, unit_tests, Version=1.0.0.0, Culture=neutral, PublicKeyToken=null" name="shutdown_processTest" />
    </UnitTest>
    <UnitTest name="set_valve_controlTest" storage="c:\documents and settings\jari huilla\my documents\exercise\gui-app\unit_tests\unit_tests\bin\debug\unit_tests.dll" id="b42c3a56-667a-f33b-8392-5960b32e3f0c">
      <Execution id="4eca9ad7-fc6e-4781-875b-75ce47dd68e5" />
      <TestMethod codeBase="C:/Documents and Settings/Jari Huilla/My Documents/exercise/gui-app/unit_tests/unit_tests/bin/Debug/unit_tests.DLL" adapterTypeName="Microsoft.VisualStudio.TestTools.TestTypes.Unit.UnitTestAdapter, Microsoft.VisualStudio.QualityTools.Tips.UnitTest.Adapter, Version=10.0.0.0, Culture=neutral, PublicKeyToken=b03f5f7f11d50a3a" className="unit_tests.MainWindowTest, unit_tests, Version=1.0.0.0, Culture=neutral, PublicKeyToken=null" name="set_valve_controlTest" />
    </UnitTest>
    <UnitTest name="ConnectOpcUaConstructorTest" storage="c:\documents and settings\jari huilla\my documents\exercise\gui-app\unit_tests\unit_tests\bin\debug\unit_tests.dll" id="5b3ff60e-a583-2f5a-8951-53d06aaafd2c">
      <Execution id="e4f867c5-f825-4457-9fef-570a0acf5e62" />
      <TestMethod codeBase="C:/Documents and Settings/Jari Huilla/My Documents/exercise/gui-app/unit_tests/unit_tests/bin/Debug/unit_tests.DLL" adapterTypeName="Microsoft.VisualStudio.TestTools.TestTypes.Unit.UnitTestAdapter, Microsoft.VisualStudio.QualityTools.Tips.UnitTest.Adapter, Version=10.0.0.0, Culture=neutral, PublicKeyToken=b03f5f7f11d50a3a" className="unit_tests.ConnectOpcUaTest, unit_tests, Version=1.0.0.0, Culture=neutral, PublicKeyToken=null" name="ConnectOpcUaConstructorTest" />
    </UnitTest>
    <UnitTest name="connection_offlineTest" storage="c:\documents and settings\jari huilla\my documents\exercise\gui-app\unit_tests\unit_tests\bin\debug\unit_tests.dll" id="b0805486-7606-6eff-4d14-e06f479655d8">
      <Execution id="519e10fa-ee09-498f-bf51-d63c14e7fe3b" />
      <TestMethod codeBase="C:/Documents and Settings/Jari Huilla/My Documents/exercise/gui-app/unit_tests/unit_tests/bin/Debug/unit_tests.DLL" adapterTypeName="Microsoft.VisualStudio.TestTools.TestTypes.Unit.UnitTestAdapter, Microsoft.VisualStudio.QualityTools.Tips.UnitTest.Adapter, Version=10.0.0.0, Culture=neutral, PublicKeyToken=b03f5f7f11d50a3a" className="unit_tests.MainWindowTest, unit_tests, Version=1.0.0.0, Culture=neutral, PublicKeyToken=null" name="connection_offlineTest" />
    </UnitTest>
    <UnitTest name="update_PI300_valueTest" storage="c:\documents and settings\jari huilla\my documents\exercise\gui-app\unit_tests\unit_tests\bin\debug\unit_tests.dll" id="381a9000-13f7-0ac0-d1c9-a793b91f09b2">
      <Execution id="89b52249-8af3-49ca-9415-b81893ae4ed2" />
      <TestMethod codeBase="C:/Documents and Settings/Jari Huilla/My Documents/exercise/gui-app/unit_tests/unit_tests/bin/Debug/unit_tests.DLL" adapterTypeName="Microsoft.VisualStudio.TestTools.TestTypes.Unit.UnitTestAdapter, Microsoft.VisualStudio.QualityTools.Tips.UnitTest.Adapter, Version=10.0.0.0, Culture=neutral, PublicKeyToken=b03f5f7f11d50a3a" className="unit_tests.MainWindowTest, unit_tests, Version=1.0.0.0, Culture=neutral, PublicKeyToken=null" name="update_PI300_valueTest" />
    </UnitTest>
    <UnitTest name="invoke_E100_valueTest" storage="c:\documents and settings\jari huilla\my documents\exercise\gui-app\unit_tests\unit_tests\bin\debug\unit_tests.dll" id="7b0b0322-03c5-bfa5-6884-8a7285deb251">
      <Execution id="37e1817f-70bd-4d9c-8218-21240df938d3" />
      <TestMethod codeBase="C:/Documents and Settings/Jari Huilla/My Documents/exercise/gui-app/unit_tests/unit_tests/bin/Debug/unit_tests.DLL" adapterTypeName="Microsoft.VisualStudio.TestTools.TestTypes.Unit.UnitTestAdapter, Microsoft.VisualStudio.QualityTools.Tips.UnitTest.Adapter, Version=10.0.0.0, Culture=neutral, PublicKeyToken=b03f5f7f11d50a3a" className="unit_tests.MainWindowTest, unit_tests, Version=1.0.0.0, Culture=neutral, PublicKeyToken=null" name="invoke_E100_valueTest" />
    </UnitTest>
    <UnitTest name="connection_onlineTest" storage="c:\documents and settings\jari huilla\my documents\exercise\gui-app\unit_tests\unit_tests\bin\debug\unit_tests.dll" id="f4718b36-646b-2b11-f5c9-9a9c0bf1492a">
      <Execution id="e7b455b8-1433-4f72-a460-f7ee599a8bf9" />
      <TestMethod codeBase="C:/Documents and Settings/Jari Huilla/My Documents/exercise/gui-app/unit_tests/unit_tests/bin/Debug/unit_tests.DLL" adapterTypeName="Microsoft.VisualStudio.TestTools.TestTypes.Unit.UnitTestAdapter, Microsoft.VisualStudio.QualityTools.Tips.UnitTest.Adapter, Version=10.0.0.0, Culture=neutral, PublicKeyToken=b03f5f7f11d50a3a" className="unit_tests.MainWindowTest, unit_tests, Version=1.0.0.0, Culture=neutral, PublicKeyToken=null" name="connection_onlineTest" />
    </UnitTest>
    <UnitTest name="DisposeTest" storage="c:\documents and settings\jari huilla\my documents\exercise\gui-app\unit_tests\unit_tests\bin\debug\unit_tests.dll" id="fc457851-7569-0712-7c1c-5d9d65262068">
      <Execution id="89dd624c-8244-4f2f-b7c8-8fdb62deecac" />
      <TestMethod codeBase="C:/Documents and Settings/Jari Huilla/My Documents/exercise/gui-app/unit_tests/unit_tests/bin/Debug/unit_tests.DLL" adapterTypeName="Microsoft.VisualStudio.TestTools.TestTypes.Unit.UnitTestAdapter, Microsoft.VisualStudio.QualityTools.Tips.UnitTest.Adapter, Version=10.0.0.0, Culture=neutral, PublicKeyToken=b03f5f7f11d50a3a" className="unit_tests.ConnectOpcUaTest, unit_tests, Version=1.0.0.0, Culture=neutral, PublicKeyToken=null" name="DisposeTest" />
    </UnitTest>
    <UnitTest name="check_cookign_input_valTest" storage="c:\documents and settings\jari huilla\my documents\exercise\gui-app\unit_tests\unit_tests\bin\debug\unit_tests.dll" id="a44017f8-8b5c-5909-536d-3ebcc259f952">
      <DeploymentItems>
        <DeploymentItem filename="gui-app.exe" />
      </DeploymentItems>
      <Execution id="344cc40f-6756-441a-9c91-d8e68369cadf" />
      <TestMethod codeBase="C:/Documents and Settings/Jari Huilla/My Documents/exercise/gui-app/unit_tests/unit_tests/bin/Debug/unit_tests.DLL" adapterTypeName="Microsoft.VisualStudio.TestTools.TestTypes.Unit.UnitTestAdapter, Microsoft.VisualStudio.QualityTools.Tips.UnitTest.Adapter, Version=10.0.0.0, Culture=neutral, PublicKeyToken=b03f5f7f11d50a3a" className="unit_tests.MainWindowTest, unit_tests, Version=1.0.0.0, Culture=neutral, PublicKeyToken=null" name="check_cookign_input_valTest" />
    </UnitTest>
    <UnitTest name="change_E100_valueTest" storage="c:\documents and settings\jari huilla\my documents\exercise\gui-app\unit_tests\unit_tests\bin\debug\unit_tests.dll" id="b53aebfb-dd1b-29c6-5b46-5924eb5bd43c">
      <DeploymentItems>
        <DeploymentItem filename="gui-app.exe" />
      </DeploymentItems>
      <Execution id="7cc9b8c9-1610-4971-a391-ea0541c15e8d" />
      <TestMethod codeBase="C:/Documents and Settings/Jari Huilla/My Documents/exercise/gui-app/unit_tests/unit_tests/bin/Debug/unit_tests.DLL" adapterTypeName="Microsoft.VisualStudio.TestTools.TestTypes.Unit.UnitTestAdapter, Microsoft.VisualStudio.QualityTools.Tips.UnitTest.Adapter, Version=10.0.0.0, Culture=neutral, PublicKeyToken=b03f5f7f11d50a3a" className="unit_tests.MainWindowTest, unit_tests, Version=1.0.0.0, Culture=neutral, PublicKeyToken=null" name="change_E100_valueTest" />
    </UnitTest>
    <UnitTest name="update_LS300m_statusTest" storage="c:\documents and settings\jari huilla\my documents\exercise\gui-app\unit_tests\unit_tests\bin\debug\unit_tests.dll" id="6e367d9c-9993-1d41-1249-e61835bc3870">
      <DeploymentItems>
        <DeploymentItem filename="gui-app.exe" />
      </DeploymentItems>
      <Execution id="a85256fa-890f-4694-8929-d0064f78e70e" />
      <TestMethod codeBase="C:/Documents and Settings/Jari Huilla/My Documents/exercise/gui-app/unit_tests/unit_tests/bin/Debug/unit_tests.DLL" adapterTypeName="Microsoft.VisualStudio.TestTools.TestTypes.Unit.UnitTestAdapter, Microsoft.VisualStudio.QualityTools.Tips.UnitTest.Adapter, Version=10.0.0.0, Culture=neutral, PublicKeyToken=b03f5f7f11d50a3a" className="unit_tests.MainWindowTest, unit_tests, Version=1.0.0.0, Culture=neutral, PublicKeyToken=null" name="update_LS300m_statusTest" />
    </UnitTest>
    <UnitTest name="check_input_valTest" storage="c:\documents and settings\jari huilla\my documents\exercise\gui-app\unit_tests\unit_tests\bin\debug\unit_tests.dll" id="6bd171df-c382-1558-2c7e-89b53efa35aa">
      <DeploymentItems>
        <DeploymentItem filename="gui-app.exe" />
      </DeploymentItems>
      <Execution id="043008df-1ba9-46e9-93a1-ed2c908812dc" />
      <TestMethod codeBase="C:/Documents and Settings/Jari Huilla/My Documents/exercise/gui-app/unit_tests/unit_tests/bin/Debug/unit_tests.DLL" adapterTypeName="Microsoft.VisualStudio.TestTools.TestTypes.Unit.UnitTestAdapter, Microsoft.VisualStudio.QualityTools.Tips.UnitTest.Adapter, Version=10.0.0.0, Culture=neutral, PublicKeyToken=b03f5f7f11d50a3a" className="unit_tests.MainWindowTest, unit_tests, Version=1.0.0.0, Culture=neutral, PublicKeyToken=null" name="check_input_valTest" />
    </UnitTest>
    <UnitTest name="temperature_controlTest" storage="c:\documents and settings\jari huilla\my documents\exercise\gui-app\unit_tests\unit_tests\bin\debug\unit_tests.dll" id="50910027-bca4-5b3b-853c-152508de3f8e">
      <Execution id="073cd6c4-39bd-4d7e-a557-88bc2a11d755" />
      <TestMethod codeBase="C:/Documents and Settings/Jari Huilla/My Documents/exercise/gui-app/unit_tests/unit_tests/bin/Debug/unit_tests.DLL" adapterTypeName="Microsoft.VisualStudio.TestTools.TestTypes.Unit.UnitTestAdapter, Microsoft.VisualStudio.QualityTools.Tips.UnitTest.Adapter, Version=10.0.0.0, Culture=neutral, PublicKeyToken=b03f5f7f11d50a3a" className="unit_tests.ControlTest, unit_tests, Version=1.0.0.0, Culture=neutral, PublicKeyToken=null" name="temperature_controlTest" />
    </UnitTest>
    <UnitTest name="pressure_controlTest" storage="c:\documents and settings\jari huilla\my documents\exercise\gui-app\unit_tests\unit_tests\bin\debug\unit_tests.dll" id="db685ce1-79d9-c78e-3954-604e7dc5158c">
      <Execution id="f279edb6-5b81-4791-8259-7b97d0dae84f" />
      <TestMethod codeBase="C:/Documents and Settings/Jari Huilla/My Documents/exercise/gui-app/unit_tests/unit_tests/bin/Debug/unit_tests.DLL" adapterTypeName="Microsoft.VisualStudio.TestTools.TestTypes.Unit.UnitTestAdapter, Microsoft.VisualStudio.QualityTools.Tips.UnitTest.Adapter, Version=10.0.0.0, Culture=neutral, PublicKeyToken=b03f5f7f11d50a3a" className="unit_tests.ControlTest, unit_tests, Version=1.0.0.0, Culture=neutral, PublicKeyToken=null" name="pressure_controlTest" />
    </UnitTest>
    <UnitTest name="ControlConstructorTest" storage="c:\documents and settings\jari huilla\my documents\exercise\gui-app\unit_tests\unit_tests\bin\debug\unit_tests.dll" id="77c302de-377d-d7ab-6e04-e3852b7ea1a4">
      <Execution id="646bcf99-83ac-40d2-a914-7cc35596644a" />
      <TestMethod codeBase="C:/Documents and Settings/Jari Huilla/My Documents/exercise/gui-app/unit_tests/unit_tests/bin/Debug/unit_tests.DLL" adapterTypeName="Microsoft.VisualStudio.TestTools.TestTypes.Unit.UnitTestAdapter, Microsoft.VisualStudio.QualityTools.Tips.UnitTest.Adapter, Version=10.0.0.0, Culture=neutral, PublicKeyToken=b03f5f7f11d50a3a" className="unit_tests.ControlTest, unit_tests, Version=1.0.0.0, Culture=neutral, PublicKeyToken=null" name="ControlConstructorTest" />
    </UnitTest>
    <UnitTest name="update_pump_valueTest" storage="c:\documents and settings\jari huilla\my documents\exercise\gui-app\unit_tests\unit_tests\bin\debug\unit_tests.dll" id="79603908-6c58-f867-d926-813208ddb12d">
      <DeploymentItems>
        <DeploymentItem filename="gui-app.exe" />
      </DeploymentItems>
      <Execution id="ffabb286-82ca-440d-922c-45b7fe56c834" />
      <TestMethod codeBase="C:/Documents and Settings/Jari Huilla/My Documents/exercise/gui-app/unit_tests/unit_tests/bin/Debug/unit_tests.DLL" adapterTypeName="Microsoft.VisualStudio.TestTools.TestTypes.Unit.UnitTestAdapter, Microsoft.VisualStudio.QualityTools.Tips.UnitTest.Adapter, Version=10.0.0.0, Culture=neutral, PublicKeyToken=b03f5f7f11d50a3a" className="unit_tests.MainWindowTest, unit_tests, Version=1.0.0.0, Culture=neutral, PublicKeyToken=null" name="update_pump_valueTest" />
    </UnitTest>
    <UnitTest name="connectTest" storage="c:\documents and settings\jari huilla\my documents\exercise\gui-app\unit_tests\unit_tests\bin\debug\unit_tests.dll" id="93c0981d-b76c-243b-e565-a1e65a1d6057">
      <Execution id="d32fb7d1-2e89-4b28-92e3-75c631c80484" />
      <TestMethod codeBase="C:/Documents and Settings/Jari Huilla/My Documents/exercise/gui-app/unit_tests/unit_tests/bin/Debug/unit_tests.DLL" adapterTypeName="Microsoft.VisualStudio.TestTools.TestTypes.Unit.UnitTestAdapter, Microsoft.VisualStudio.QualityTools.Tips.UnitTest.Adapter, Version=10.0.0.0, Culture=neutral, PublicKeyToken=b03f5f7f11d50a3a" className="unit_tests.ConnectOpcUaTest, unit_tests, Version=1.0.0.0, Culture=neutral, PublicKeyToken=null" name="connectTest" />
    </UnitTest>
  </TestDefinitions>
  <TestLists>
    <TestList name="Results Not in a List" id="8c84fa94-04c1-424b-9868-57a2d4851a1d" />
    <TestList name="All Loaded Results" id="19431567-8539-422a-85d7-44ee4e166bda" />
  </TestLists>
  <TestEntries>
    <TestEntry testId="381a9000-13f7-0ac0-d1c9-a793b91f09b2" executionId="89b52249-8af3-49ca-9415-b81893ae4ed2" testListId="8c84fa94-04c1-424b-9868-57a2d4851a1d" />
    <TestEntry testId="3bd0d5a0-e9de-ce8f-b3c1-a6babb01f328" executionId="84b381a1-fab8-45b4-9538-ce709fbad61a" testListId="8c84fa94-04c1-424b-9868-57a2d4851a1d" />
    <TestEntry testId="50910027-bca4-5b3b-853c-152508de3f8e" executionId="073cd6c4-39bd-4d7e-a557-88bc2a11d755" testListId="8c84fa94-04c1-424b-9868-57a2d4851a1d" />
    <TestEntry testId="5b3ff60e-a583-2f5a-8951-53d06aaafd2c" executionId="e4f867c5-f825-4457-9fef-570a0acf5e62" testListId="8c84fa94-04c1-424b-9868-57a2d4851a1d" />
    <TestEntry testId="64299ba7-01b4-3852-ddb4-66fb1ddd418c" executionId="712126ba-0027-4c79-89f5-fd0ea33198ff" testListId="8c84fa94-04c1-424b-9868-57a2d4851a1d" />
    <TestEntry testId="6bd171df-c382-1558-2c7e-89b53efa35aa" executionId="043008df-1ba9-46e9-93a1-ed2c908812dc" testListId="8c84fa94-04c1-424b-9868-57a2d4851a1d" />
    <TestEntry testId="6e367d9c-9993-1d41-1249-e61835bc3870" executionId="a85256fa-890f-4694-8929-d0064f78e70e" testListId="8c84fa94-04c1-424b-9868-57a2d4851a1d" />
    <TestEntry testId="77c302de-377d-d7ab-6e04-e3852b7ea1a4" executionId="646bcf99-83ac-40d2-a914-7cc35596644a" testListId="8c84fa94-04c1-424b-9868-57a2d4851a1d" />
    <TestEntry testId="79603908-6c58-f867-d926-813208ddb12d" executionId="ffabb286-82ca-440d-922c-45b7fe56c834" testListId="8c84fa94-04c1-424b-9868-57a2d4851a1d" />
    <TestEntry testId="7b0b0322-03c5-bfa5-6884-8a7285deb251" executionId="37e1817f-70bd-4d9c-8218-21240df938d3" testListId="8c84fa94-04c1-424b-9868-57a2d4851a1d" />
    <TestEntry testId="7dc9c9a3-ee2a-f9ea-cec2-1a8e8a2ba7ec" executionId="33fa4eb5-f75a-4631-bc4a-2b015b86ff44" testListId="8c84fa94-04c1-424b-9868-57a2d4851a1d" />
    <TestEntry testId="8ac0dc75-b417-f8db-9da9-ddf97bd434a3" executionId="5ca71b68-fd3d-4b30-8cef-585aa38f1036" testListId="8c84fa94-04c1-424b-9868-57a2d4851a1d" />
    <TestEntry testId="93c0981d-b76c-243b-e565-a1e65a1d6057" executionId="d32fb7d1-2e89-4b28-92e3-75c631c80484" testListId="8c84fa94-04c1-424b-9868-57a2d4851a1d" />
    <TestEntry testId="a44017f8-8b5c-5909-536d-3ebcc259f952" executionId="344cc40f-6756-441a-9c91-d8e68369cadf" testListId="8c84fa94-04c1-424b-9868-57a2d4851a1d" />
    <TestEntry testId="ae0eeb43-6e0e-a48d-851f-e4cd34a41346" executionId="02c44dcb-1495-47e3-8fea-37c2c9eeb018" testListId="8c84fa94-04c1-424b-9868-57a2d4851a1d" />
    <TestEntry testId="b0805486-7606-6eff-4d14-e06f479655d8" executionId="519e10fa-ee09-498f-bf51-d63c14e7fe3b" testListId="8c84fa94-04c1-424b-9868-57a2d4851a1d" />
    <TestEntry testId="b42c3a56-667a-f33b-8392-5960b32e3f0c" executionId="4eca9ad7-fc6e-4781-875b-75ce47dd68e5" testListId="8c84fa94-04c1-424b-9868-57a2d4851a1d" />
    <TestEntry testId="b53aebfb-dd1b-29c6-5b46-5924eb5bd43c" executionId="7cc9b8c9-1610-4971-a391-ea0541c15e8d" testListId="8c84fa94-04c1-424b-9868-57a2d4851a1d" />
    <TestEntry testId="db685ce1-79d9-c78e-3954-604e7dc5158c" executionId="f279edb6-5b81-4791-8259-7b97d0dae84f" testListId="8c84fa94-04c1-424b-9868-57a2d4851a1d" />
    <TestEntry testId="f4718b36-646b-2b11-f5c9-9a9c0bf1492a" executionId="e7b455b8-1433-4f72-a460-f7ee599a8bf9" testListId="8c84fa94-04c1-424b-9868-57a2d4851a1d" />
    <TestEntry testId="fc457851-7569-0712-7c1c-5d9d65262068" executionId="89dd624c-8244-4f2f-b7c8-8fdb62deecac" testListId="8c84fa94-04c1-424b-9868-57a2d4851a1d" />
  </TestEntries>
  <Results>
    <UnitTestResult executionId="89b52249-8af3-49ca-9415-b81893ae4ed2" testId="381a9000-13f7-0ac0-d1c9-a793b91f09b2" testName="update_PI300_valueTest" computerName="SYSTEEMILUOKKA" duration="00:00:00.2593634" startTime="2022-12-04T13:13:07.8883969+02:00" endTime="2022-12-04T13:13:08.8102483+02:00" testType="13cdc9d9-ddb5-4fa4-a97d-d965ccfc6d4b" outcome="Passed" testListId="8c84fa94-04c1-424b-9868-57a2d4851a1d" relativeResultsDirectory="89b52249-8af3-49ca-9415-b81893ae4ed2">
    </UnitTestResult>
    <UnitTestResult executionId="84b381a1-fab8-45b4-9538-ce709fbad61a" testId="3bd0d5a0-e9de-ce8f-b3c1-a6babb01f328" testName="change_sequence_statusTest" computerName="SYSTEEMILUOKKA" duration="00:00:00.0149485" startTime="2022-12-04T13:13:08.8102483+02:00" endTime="2022-12-04T13:13:08.8258729+02:00" testType="13cdc9d9-ddb5-4fa4-a97d-d965ccfc6d4b" outcome="Passed" testListId="8c84fa94-04c1-424b-9868-57a2d4851a1d" relativeResultsDirectory="84b381a1-fab8-45b4-9538-ce709fbad61a">
    </UnitTestResult>
    <UnitTestResult executionId="073cd6c4-39bd-4d7e-a557-88bc2a11d755" testId="50910027-bca4-5b3b-853c-152508de3f8e" testName="temperature_controlTest" computerName="SYSTEEMILUOKKA" duration="00:00:00.0088558" startTime="2022-12-04T13:13:08.8414975+02:00" endTime="2022-12-04T13:13:08.8414975+02:00" testType="13cdc9d9-ddb5-4fa4-a97d-d965ccfc6d4b" outcome="Inconclusive" testListId="8c84fa94-04c1-424b-9868-57a2d4851a1d" relativeResultsDirectory="073cd6c4-39bd-4d7e-a557-88bc2a11d755">
      <Output>
        <ErrorInfo>
          <Message>Assert.Inconclusive failed. Verify the correctness of this test method.</Message>
          <StackTrace>   at unit_tests.ControlTest.temperature_controlTest() in C:\Documents and Settings\Jari Huilla\My Documents\exercise\gui-app\unit_tests\unit_tests\ControlTest.cs:line 113
</StackTrace>
        </ErrorInfo>
      </Output>
    </UnitTestResult>
    <UnitTestResult executionId="e4f867c5-f825-4457-9fef-570a0acf5e62" testId="5b3ff60e-a583-2f5a-8951-53d06aaafd2c" testName="ConnectOpcUaConstructorTest" computerName="SYSTEEMILUOKKA" duration="00:00:00.0468648" startTime="2022-12-04T13:13:08.8571221+02:00" endTime="2022-12-04T13:13:08.9039959+02:00" testType="13cdc9d9-ddb5-4fa4-a97d-d965ccfc6d4b" outcome="Passed" testListId="8c84fa94-04c1-424b-9868-57a2d4851a1d" relativeResultsDirectory="e4f867c5-f825-4457-9fef-570a0acf5e62">
    </UnitTestResult>
    <UnitTestResult executionId="712126ba-0027-4c79-89f5-fd0ea33198ff" testId="64299ba7-01b4-3852-ddb4-66fb1ddd418c" testName="shutdown_processTest" computerName="SYSTEEMILUOKKA" duration="00:02:09.5467231" startTime="2022-12-04T13:13:08.9039959+02:00" endTime="2022-12-04T13:15:18.4485565+02:00" testType="13cdc9d9-ddb5-4fa4-a97d-d965ccfc6d4b" outcome="Failed" testListId="8c84fa94-04c1-424b-9868-57a2d4851a1d" relativeResultsDirectory="712126ba-0027-4c79-89f5-fd0ea33198ff">
      <Output>
        <ErrorInfo>
          <Message>Test method unit_tests.LogicTest.shutdown_processTest threw exception: 
System.InvalidOperationException: Unexpected state of client object</Message>
          <StackTrace>    at Tuni.MppOpcUaClientLib.MppClient.StatefulSynchroniser.AssertStateValue(StateType expected) in C:\lokaali\lokaali_ws\rajo\MppOpcUaClientLib\MppOpcUaClientLib\MppClient.cs:line 578
   at Tuni.MppOpcUaClientLib.MppClient.StatefulSynchroniser.get_NamespaceIndex() in C:\lokaali\lokaali_ws\rajo\MppOpcUaClientLib\MppOpcUaClientLib\MppClient.cs:line 568
   at Tuni.MppOpcUaClientLib.MppClient.SetValueAtServer(String name, Variant variant) in C:\lokaali\lokaali_ws\rajo\MppOpcUaClientLib\MppOpcUaClientLib\MppClient.cs:line 387
   at Tuni.MppOpcUaClientLib.MppClient.SetOnOffItem(String name, Boolean value) in C:\lokaali\lokaali_ws\rajo\MppOpcUaClientLib\MppOpcUaClientLib\MppClient.cs:line 156
   at gui_app.Logic.shutdown_process() in C:\Documents and Settings\Jari Huilla\My Documents\exercise\gui-app\gui-app\logic.cs:line 46
   at unit_tests.LogicTest.shutdown_processTest() in C:\Documents and Settings\Jari Huilla\My Documents\exercise\gui-app\unit_tests\unit_tests\LogicTest.cs:line 81
</StackTrace>
        </ErrorInfo>
      </Output>
    </UnitTestResult>
    <UnitTestResult executionId="043008df-1ba9-46e9-93a1-ed2c908812dc" testId="6bd171df-c382-1558-2c7e-89b53efa35aa" testName="check_input_valTest" computerName="SYSTEEMILUOKKA" duration="00:00:24.0156262" startTime="2022-12-04T13:15:18.4485565+02:00" endTime="2022-12-04T13:15:42.4951237+02:00" testType="13cdc9d9-ddb5-4fa4-a97d-d965ccfc6d4b" outcome="Passed" testListId="8c84fa94-04c1-424b-9868-57a2d4851a1d" relativeResultsDirectory="043008df-1ba9-46e9-93a1-ed2c908812dc">
    </UnitTestResult>
    <UnitTestResult executionId="a85256fa-890f-4694-8929-d0064f78e70e" testId="6e367d9c-9993-1d41-1249-e61835bc3870" testName="update_LS300m_statusTest" computerName="SYSTEEMILUOKKA" duration="00:00:00.0346376" startTime="2022-12-04T13:15:42.4951237+02:00" endTime="2022-12-04T13:15:42.5419981+02:00" testType="13cdc9d9-ddb5-4fa4-a97d-d965ccfc6d4b" outcome="Passed" testListId="8c84fa94-04c1-424b-9868-57a2d4851a1d" relativeResultsDirectory="a85256fa-890f-4694-8929-d0064f78e70e">
    </UnitTestResult>
    <UnitTestResult executionId="646bcf99-83ac-40d2-a914-7cc35596644a" testId="77c302de-377d-d7ab-6e04-e3852b7ea1a4" testName="ControlConstructorTest" computerName="SYSTEEMILUOKKA" duration="00:00:00.0013219" startTime="2022-12-04T13:15:42.5419981+02:00" endTime="2022-12-04T13:15:42.5419981+02:00" testType="13cdc9d9-ddb5-4fa4-a97d-d965ccfc6d4b" outcome="Inconclusive" testListId="8c84fa94-04c1-424b-9868-57a2d4851a1d" relativeResultsDirectory="646bcf99-83ac-40d2-a914-7cc35596644a">
      <Output>
        <ErrorInfo>
          <Message>Assert.Inconclusive failed. TODO: Implement code to verify target</Message>
          <StackTrace>   at unit_tests.ControlTest.ControlConstructorTest() in C:\Documents and Settings\Jari Huilla\My Documents\exercise\gui-app\unit_tests\unit_tests\ControlTest.cs:line 77
</StackTrace>
        </ErrorInfo>
      </Output>
    </UnitTestResult>
    <UnitTestResult executionId="ffabb286-82ca-440d-922c-45b7fe56c834" testId="79603908-6c58-f867-d926-813208ddb12d" testName="update_pump_valueTest" computerName="SYSTEEMILUOKKA" duration="00:00:00.0179377" startTime="2022-12-04T13:15:42.5419981+02:00" endTime="2022-12-04T13:15:42.5576229+02:00" testType="13cdc9d9-ddb5-4fa4-a97d-d965ccfc6d4b" outcome="Passed" testListId="8c84fa94-04c1-424b-9868-57a2d4851a1d" relativeResultsDirectory="ffabb286-82ca-440d-922c-45b7fe56c834">
    </UnitTestResult>
    <UnitTestResult executionId="37e1817f-70bd-4d9c-8218-21240df938d3" testId="7b0b0322-03c5-bfa5-6884-8a7285deb251" testName="invoke_E100_valueTest" computerName="SYSTEEMILUOKKA" duration="00:00:00.0391991" startTime="2022-12-04T13:15:42.5732477+02:00" endTime="2022-12-04T13:15:42.6201221+02:00" testType="13cdc9d9-ddb5-4fa4-a97d-d965ccfc6d4b" outcome="Passed" testListId="8c84fa94-04c1-424b-9868-57a2d4851a1d" relativeResultsDirectory="37e1817f-70bd-4d9c-8218-21240df938d3">
    </UnitTestResult>
    <UnitTestResult executionId="33fa4eb5-f75a-4631-bc4a-2b015b86ff44" testId="7dc9c9a3-ee2a-f9ea-cec2-1a8e8a2ba7ec" testName="toggle_valveTest" computerName="SYSTEEMILUOKKA" duration="00:00:00.0195946" startTime="2022-12-04T13:15:42.6201221+02:00" endTime="2022-12-04T13:15:42.6357469+02:00" testType="13cdc9d9-ddb5-4fa4-a97d-d965ccfc6d4b" outcome="Passed" testListId="8c84fa94-04c1-424b-9868-57a2d4851a1d" relativeResultsDirectory="33fa4eb5-f75a-4631-bc4a-2b015b86ff44">
    </UnitTestResult>
    <UnitTestResult executionId="5ca71b68-fd3d-4b30-8cef-585aa38f1036" testId="8ac0dc75-b417-f8db-9da9-ddf97bd434a3" testName="update_pb_StatusTest" computerName="SYSTEEMILUOKKA" duration="00:00:00.0243776" startTime="2022-12-04T13:15:42.6357469+02:00" endTime="2022-12-04T13:15:42.6669965+02:00" testType="13cdc9d9-ddb5-4fa4-a97d-d965ccfc6d4b" outcome="Passed" testListId="8c84fa94-04c1-424b-9868-57a2d4851a1d" relativeResultsDirectory="5ca71b68-fd3d-4b30-8cef-585aa38f1036">
    </UnitTestResult>
    <UnitTestResult executionId="d32fb7d1-2e89-4b28-92e3-75c631c80484" testId="93c0981d-b76c-243b-e565-a1e65a1d6057" testName="connectTest" computerName="SYSTEEMILUOKKA" duration="00:00:00.1707200" startTime="2022-12-04T13:15:42.6826213+02:00" endTime="2022-12-04T13:15:42.8544941+02:00" testType="13cdc9d9-ddb5-4fa4-a97d-d965ccfc6d4b" outcome="Passed" testListId="8c84fa94-04c1-424b-9868-57a2d4851a1d" relativeResultsDirectory="d32fb7d1-2e89-4b28-92e3-75c631c80484">
    </UnitTestResult>
    <UnitTestResult executionId="344cc40f-6756-441a-9c91-d8e68369cadf" testId="a44017f8-8b5c-5909-536d-3ebcc259f952" testName="check_cookign_input_valTest" computerName="SYSTEEMILUOKKA" duration="00:00:00.0387563" startTime="2022-12-04T13:15:42.8544941+02:00" endTime="2022-12-04T13:15:42.9013685+02:00" testType="13cdc9d9-ddb5-4fa4-a97d-d965ccfc6d4b" outcome="Passed" testListId="8c84fa94-04c1-424b-9868-57a2d4851a1d" relativeResultsDirectory="344cc40f-6756-441a-9c91-d8e68369cadf">
    </UnitTestResult>
    <UnitTestResult executionId="02c44dcb-1495-47e3-8fea-37c2c9eeb018" testId="ae0eeb43-6e0e-a48d-851f-e4cd34a41346" testName="update_TI300_valueTest" computerName="SYSTEEMILUOKKA" duration="00:00:00.1051896" startTime="2022-12-04T13:15:42.9013685+02:00" endTime="2022-12-04T13:15:43.0107421+02:00" testType="13cdc9d9-ddb5-4fa4-a97d-d965ccfc6d4b" outcome="Passed" testListId="8c84fa94-04c1-424b-9868-57a2d4851a1d" relativeResultsDirectory="02c44dcb-1495-47e3-8fea-37c2c9eeb018">
    </UnitTestResult>
    <UnitTestResult executionId="519e10fa-ee09-498f-bf51-d63c14e7fe3b" testId="b0805486-7606-6eff-4d14-e06f479655d8" testName="connection_offlineTest" computerName="SYSTEEMILUOKKA" duration="00:00:01.7417674" startTime="2022-12-04T13:15:43.0107421+02:00" endTime="2022-12-04T13:15:44.7607197+02:00" testType="13cdc9d9-ddb5-4fa4-a97d-d965ccfc6d4b" outcome="Passed" testListId="8c84fa94-04c1-424b-9868-57a2d4851a1d" relativeResultsDirectory="519e10fa-ee09-498f-bf51-d63c14e7fe3b">
    </UnitTestResult>
    <UnitTestResult executionId="4eca9ad7-fc6e-4781-875b-75ce47dd68e5" testId="b42c3a56-667a-f33b-8392-5960b32e3f0c" testName="set_valve_controlTest" computerName="SYSTEEMILUOKKA" duration="00:00:00.0217745" startTime="2022-12-04T13:15:44.7763445+02:00" endTime="2022-12-04T13:15:44.8075941+02:00" testType="13cdc9d9-ddb5-4fa4-a97d-d965ccfc6d4b" outcome="Passed" testListId="8c84fa94-04c1-424b-9868-57a2d4851a1d" relativeResultsDirectory="4eca9ad7-fc6e-4781-875b-75ce47dd68e5">
    </UnitTestResult>
    <UnitTestResult executionId="7cc9b8c9-1610-4971-a391-ea0541c15e8d" testId="b53aebfb-dd1b-29c6-5b46-5924eb5bd43c" testName="change_E100_valueTest" computerName="SYSTEEMILUOKKA" duration="00:00:00.0222112" startTime="2022-12-04T13:15:44.8075941+02:00" endTime="2022-12-04T13:15:44.8388437+02:00" testType="13cdc9d9-ddb5-4fa4-a97d-d965ccfc6d4b" outcome="Passed" testListId="8c84fa94-04c1-424b-9868-57a2d4851a1d" relativeResultsDirectory="7cc9b8c9-1610-4971-a391-ea0541c15e8d">
    </UnitTestResult>
    <UnitTestResult executionId="f279edb6-5b81-4791-8259-7b97d0dae84f" testId="db685ce1-79d9-c78e-3954-604e7dc5158c" testName="pressure_controlTest" computerName="SYSTEEMILUOKKA" duration="00:00:00.0068086" startTime="2022-12-04T13:15:44.8388437+02:00" endTime="2022-12-04T13:15:44.8544685+02:00" testType="13cdc9d9-ddb5-4fa4-a97d-d965ccfc6d4b" outcome="Inconclusive" testListId="8c84fa94-04c1-424b-9868-57a2d4851a1d" relativeResultsDirectory="f279edb6-5b81-4791-8259-7b97d0dae84f">
      <Output>
        <ErrorInfo>
          <Message>Assert.Inconclusive failed. Verify the correctness of this test method.</Message>
          <StackTrace>   at unit_tests.ControlTest.pressure_controlTest() in C:\Documents and Settings\Jari Huilla\My Documents\exercise\gui-app\unit_tests\unit_tests\ControlTest.cs:line 95
</StackTrace>
        </ErrorInfo>
      </Output>
    </UnitTestResult>
    <UnitTestResult executionId="e7b455b8-1433-4f72-a460-f7ee599a8bf9" testId="f4718b36-646b-2b11-f5c9-9a9c0bf1492a" testName="connection_onlineTest" computerName="SYSTEEMILUOKKA" duration="00:00:00.0345342" startTime="2022-12-04T13:15:44.8544685+02:00" endTime="2022-12-04T13:15:44.9013429+02:00" testType="13cdc9d9-ddb5-4fa4-a97d-d965ccfc6d4b" outcome="Passed" testListId="8c84fa94-04c1-424b-9868-57a2d4851a1d" relativeResultsDirectory="e7b455b8-1433-4f72-a460-f7ee599a8bf9">
    </UnitTestResult>
    <UnitTestResult executionId="89dd624c-8244-4f2f-b7c8-8fdb62deecac" testId="fc457851-7569-0712-7c1c-5d9d65262068" testName="DisposeTest" computerName="SYSTEEMILUOKKA" duration="00:00:00.0157053" startTime="2022-12-04T13:15:44.9013429+02:00" endTime="2022-12-04T13:15:44.9169677+02:00" testType="13cdc9d9-ddb5-4fa4-a97d-d965ccfc6d4b" outcome="Passed" testListId="8c84fa94-04c1-424b-9868-57a2d4851a1d" relativeResultsDirectory="89dd624c-8244-4f2f-b7c8-8fdb62deecac">
    </UnitTestResult>
  </Results>
</TestRun>